d:\projets\code\emission\source\natives\emission.nuklear\x64\release\vc143.pdb
d:\projets\code\emission\source\natives\emission.nuklear\x64\release\.netcoreapp,version=v7.0.assemblyattributes.obj
d:\projets\code\emission\source\natives\emission.nuklear\x64\release\nuklear_glfw.obj
d:\projets\code\emission\source\natives\emission.nuklear\x64\release\nuklear.obj
d:\projets\code\emission\x64\release\glfw.dll
d:\projets\code\emission\x64\release\opengl.dll
d:\projets\code\emission\x64\release\emission core.dll
d:\projets\code\emission\x64\release\win32.dll
d:\projets\code\emission\x64\release\emission assets.dll
d:\projets\code\emission\x64\release\glfw.deps.json
d:\projets\code\emission\x64\release\opengl.deps.json
d:\projets\code\emission\x64\release\emission.nuklear.dll
d:\projets\code\emission\x64\release\emission.nuklear.pdb
d:\projets\code\emission\source\natives\emission.nuklear\x64\release\emission.nuklear.assets.cache
d:\projets\code\emission\source\natives\emission.nuklear\x64\release\emission.nuklear.tlog\cl.command.1.tlog
d:\projets\code\emission\source\natives\emission.nuklear\x64\release\emission.nuklear.tlog\cl.read.1.tlog
d:\projets\code\emission\source\natives\emission.nuklear\x64\release\emission.nuklear.tlog\cl.write.1.tlog
d:\projets\code\emission\source\natives\emission.nuklear\x64\release\emission.nuklear.tlog\copylocal.read.1u.tlog
d:\projets\code\emission\source\natives\emission.nuklear\x64\release\emission.nuklear.tlog\copylocal.write.1u.tlog
d:\projets\code\emission\source\natives\emission.nuklear\x64\release\emission.nuklear.tlog\link.command.1.tlog
d:\projets\code\emission\source\natives\emission.nuklear\x64\release\emission.nuklear.tlog\link.read.1.tlog
d:\projets\code\emission\source\natives\emission.nuklear\x64\release\emission.nuklear.tlog\link.write.1.tlog
