D:\Program\Visual Studio 2022\MSBuild\Microsoft\VC\v170\Microsoft.CppBuild.targets(517,5): warning MSB8028: Le répertoire intermédiaire (x64\Release\) contient des fichiers partagés provenant d'un autre projet (Assets.vcxproj). Cela peut entraîner un comportement de nettoyage et de regénération incorrect.
  Image.cpp
  .NETCoreApp,Version=v7.0.AssemblyAttributes.cpp
  Génération de code en cours...
D:\Projets\Code\Emission\source\Assets\natives\stb_image.h(733): warning C4793: '`anonymous namespace'::stbi__cpuid3' : fonction compilée en tant que code natif :
  	un intrinsèque non pris en charge a été trouvé dans le code managé
D:\Projets\Code\Emission\source\Assets\natives\stb_image.h(2613): warning C4793: '`anonymous namespace'::stbi__idct_simd' : fonction compilée en tant que code natif :
  	un intrinsèque non pris en charge a été trouvé dans le code managé
D:\Projets\Code\Emission\source\Assets\natives\stb_image.h(2614): warning C4793: '`anonymous namespace'::stbi__idct_simd' : fonction compilée en tant que code natif :
  	un intrinsèque non pris en charge a été trouvé dans le code managé
D:\Projets\Code\Emission\source\Assets\natives\stb_image.h(2615): warning C4793: '`anonymous namespace'::stbi__idct_simd' : fonction compilée en tant que code natif :
  	un intrinsèque non pris en charge a été trouvé dans le code managé
D:\Projets\Code\Emission\source\Assets\natives\stb_image.h(2616): warning C4793: '`anonymous namespace'::stbi__idct_simd' : fonction compilée en tant que code natif :
  	un intrinsèque non pris en charge a été trouvé dans le code managé
D:\Projets\Code\Emission\source\Assets\natives\stb_image.h(2617): warning C4793: '`anonymous namespace'::stbi__idct_simd' : fonction compilée en tant que code natif :
  	un intrinsèque non pris en charge a été trouvé dans le code managé
D:\Projets\Code\Emission\source\Assets\natives\stb_image.h(2618): warning C4793: '`anonymous namespace'::stbi__idct_simd' : fonction compilée en tant que code natif :
  	un intrinsèque non pris en charge a été trouvé dans le code managé
D:\Projets\Code\Emission\source\Assets\natives\stb_image.h(2619): warning C4793: '`anonymous namespace'::stbi__idct_simd' : fonction compilée en tant que code natif :
  	un intrinsèque non pris en charge a été trouvé dans le code managé
D:\Projets\Code\Emission\source\Assets\natives\stb_image.h(2620): warning C4793: '`anonymous namespace'::stbi__idct_simd' : fonction compilée en tant que code natif :
  	un intrinsèque non pris en charge a été trouvé dans le code managé
D:\Projets\Code\Emission\source\Assets\natives\stb_image.h(2623): warning C4793: '`anonymous namespace'::stbi__idct_simd' : fonction compilée en tant que code natif :
  	un intrinsèque non pris en charge a été trouvé dans le code managé
D:\Projets\Code\Emission\source\Assets\natives\stb_image.h(2624): warning C4793: '`anonymous namespace'::stbi__idct_simd' : fonction compilée en tant que code natif :
  	un intrinsèque non pris en charge a été trouvé dans le code managé
D:\Projets\Code\Emission\source\Assets\natives\stb_image.h(2627): warning C4793: '`anonymous namespace'::stbi__idct_simd' : fonction compilée en tant que code natif :
  	un intrinsèque non pris en charge a été trouvé dans le code managé
D:\Projets\Code\Emission\source\Assets\natives\stb_image.h(2628): warning C4793: '`anonymous namespace'::stbi__idct_simd' : fonction compilée en tant que code natif :
  	un intrinsèque non pris en charge a été trouvé dans le code managé
D:\Projets\Code\Emission\source\Assets\natives\stb_image.h(2629): warning C4793: '`anonymous namespace'::stbi__idct_simd' : fonction compilée en tant que code natif :
  	un intrinsèque non pris en charge a été trouvé dans le code managé
D:\Projets\Code\Emission\source\Assets\natives\stb_image.h(2630): warning C4793: '`anonymous namespace'::stbi__idct_simd' : fonction compilée en tant que code natif :
  	un intrinsèque non pris en charge a été trouvé dans le code managé
D:\Projets\Code\Emission\source\Assets\natives\stb_image.h(2631): warning C4793: '`anonymous namespace'::stbi__idct_simd' : fonction compilée en tant que code natif :
  	un intrinsèque non pris en charge a été trouvé dans le code managé
D:\Projets\Code\Emission\source\Assets\natives\stb_image.h(2632): warning C4793: '`anonymous namespace'::stbi__idct_simd' : fonction compilée en tant que code natif :
  	un intrinsèque non pris en charge a été trouvé dans le code managé
D:\Projets\Code\Emission\source\Assets\natives\stb_image.h(2633): warning C4793: '`anonymous namespace'::stbi__idct_simd' : fonction compilée en tant que code natif :
  	un intrinsèque non pris en charge a été trouvé dans le code managé
D:\Projets\Code\Emission\source\Assets\natives\stb_image.h(2634): warning C4793: '`anonymous namespace'::stbi__idct_simd' : fonction compilée en tant que code natif :
  	un intrinsèque non pris en charge a été trouvé dans le code managé
D:\Projets\Code\Emission\source\Assets\natives\stb_image.h(2637): warning C4793: '`anonymous namespace'::stbi__idct_simd' : fonction compilée en tant que code natif :
  	un intrinsèque non pris en charge a été trouvé dans le code managé
D:\Projets\Code\Emission\source\Assets\natives\stb_image.h(2637): warning C4793: '`anonymous namespace'::stbi__idct_simd' : fonction compilée en tant que code natif :
  	un intrinsèque non pris en charge a été trouvé dans le code managé
D:\Projets\Code\Emission\source\Assets\natives\stb_image.h(2637): warning C4793: '`anonymous namespace'::stbi__idct_simd' : fonction compilée en tant que code natif :
  	un intrinsèque non pris en charge a été trouvé dans le code managé
D:\Projets\Code\Emission\source\Assets\natives\stb_image.h(2637): warning C4793: '`anonymous namespace'::stbi__idct_simd' : fonction compilée en tant que code natif :
  	un intrinsèque non pris en charge a été trouvé dans le code managé
D:\Projets\Code\Emission\source\Assets\natives\stb_image.h(2637): warning C4793: '`anonymous namespace'::stbi__idct_simd' : fonction compilée en tant que code natif :
  	un intrinsèque non pris en charge a été trouvé dans le code managé
D:\Projets\Code\Emission\source\Assets\natives\stb_image.h(2637): warning C4793: '`anonymous namespace'::stbi__idct_simd' : fonction compilée en tant que code natif :
  	un intrinsèque non pris en charge a été trouvé dans le code managé
D:\Projets\Code\Emission\source\Assets\natives\stb_image.h(2637): warning C4793: '`anonymous namespace'::stbi__idct_simd' : fonction compilée en tant que code natif :
  	un intrinsèque non pris en charge a été trouvé dans le code managé
D:\Projets\Code\Emission\source\Assets\natives\stb_image.h(2637): warning C4793: '`anonymous namespace'::stbi__idct_simd' : fonction compilée en tant que code natif :
  	un intrinsèque non pris en charge a été trouvé dans le code managé
D:\Projets\Code\Emission\source\Assets\natives\stb_image.h(2637): warning C4793: '`anonymous namespace'::stbi__idct_simd' : fonction compilée en tant que code natif :
  	un intrinsèque non pris en charge a été trouvé dans le code managé
D:\Projets\Code\Emission\source\Assets\natives\stb_image.h(2637): warning C4793: '`anonymous namespace'::stbi__idct_simd' : fonction compilée en tant que code natif :
  	un intrinsèque non pris en charge a été trouvé dans le code managé
D:\Projets\Code\Emission\source\Assets\natives\stb_image.h(2637): warning C4793: '`anonymous namespace'::stbi__idct_simd' : fonction compilée en tant que code natif :
  	un intrinsèque non pris en charge a été trouvé dans le code managé
D:\Projets\Code\Emission\source\Assets\natives\stb_image.h(2637): warning C4793: '`anonymous namespace'::stbi__idct_simd' : fonction compilée en tant que code natif :
  	un intrinsèque non pris en charge a été trouvé dans le code managé
D:\Projets\Code\Emission\source\Assets\natives\stb_image.h(2637): warning C4793: '`anonymous namespace'::stbi__idct_simd' : fonction compilée en tant que code natif :
  	un intrinsèque non pris en charge a été trouvé dans le code managé
D:\Projets\Code\Emission\source\Assets\natives\stb_image.h(2637): warning C4793: '`anonymous namespace'::stbi__idct_simd' : fonction compilée en tant que code natif :
  	un intrinsèque non pris en charge a été trouvé dans le code managé
D:\Projets\Code\Emission\source\Assets\natives\stb_image.h(2637): warning C4793: '`anonymous namespace'::stbi__idct_simd' : fonction compilée en tant que code natif :
  	un intrinsèque non pris en charge a été trouvé dans le code managé
D:\Projets\Code\Emission\source\Assets\natives\stb_image.h(2637): warning C4793: '`anonymous namespace'::stbi__idct_simd' : fonction compilée en tant que code natif :
  	un intrinsèque non pris en charge a été trouvé dans le code managé
D:\Projets\Code\Emission\source\Assets\natives\stb_image.h(2637): warning C4793: '`anonymous namespace'::stbi__idct_simd' : fonction compilée en tant que code natif :
  	un intrinsèque non pris en charge a été trouvé dans le code managé
D:\Projets\Code\Emission\source\Assets\natives\stb_image.h(2637): warning C4793: '`anonymous namespace'::stbi__idct_simd' : fonction compilée en tant que code natif :
  	un intrinsèque non pris en charge a été trouvé dans le code managé
D:\Projets\Code\Emission\source\Assets\natives\stb_image.h(2637): warning C4793: '`anonymous namespace'::stbi__idct_simd' : fonction compilée en tant que code natif :
  	un intrinsèque non pris en charge a été trouvé dans le code managé
D:\Projets\Code\Emission\source\Assets\natives\stb_image.h(2637): warning C4793: '`anonymous namespace'::stbi__idct_simd' : fonction compilée en tant que code natif :
  	un intrinsèque non pris en charge a été trouvé dans le code managé
D:\Projets\Code\Emission\source\Assets\natives\stb_image.h(2637): warning C4793: '`anonymous namespace'::stbi__idct_simd' : fonction compilée en tant que code natif :
  	un intrinsèque non pris en charge a été trouvé dans le code managé
D:\Projets\Code\Emission\source\Assets\natives\stb_image.h(2637): warning C4793: '`anonymous namespace'::stbi__idct_simd' : fonction compilée en tant que code natif :
  	un intrinsèque non pris en charge a été trouvé dans le code managé
D:\Projets\Code\Emission\source\Assets\natives\stb_image.h(2637): warning C4793: '`anonymous namespace'::stbi__idct_simd' : fonction compilée en tant que code natif :
  	un intrinsèque non pris en charge a été trouvé dans le code managé
D:\Projets\Code\Emission\source\Assets\natives\stb_image.h(2637): warning C4793: '`anonymous namespace'::stbi__idct_simd' : fonction compilée en tant que code natif :
  	un intrinsèque non pris en charge a été trouvé dans le code managé
D:\Projets\Code\Emission\source\Assets\natives\stb_image.h(2637): warning C4793: '`anonymous namespace'::stbi__idct_simd' : fonction compilée en tant que code natif :
  	un intrinsèque non pris en charge a été trouvé dans le code managé
D:\Projets\Code\Emission\source\Assets\natives\stb_image.h(2637): warning C4793: '`anonymous namespace'::stbi__idct_simd' : fonction compilée en tant que code natif :
  	un intrinsèque non pris en charge a été trouvé dans le code managé
D:\Projets\Code\Emission\source\Assets\natives\stb_image.h(2637): warning C4793: '`anonymous namespace'::stbi__idct_simd' : fonction compilée en tant que code natif :
  	un intrinsèque non pris en charge a été trouvé dans le code managé
D:\Projets\Code\Emission\source\Assets\natives\stb_image.h(2637): warning C4793: '`anonymous namespace'::stbi__idct_simd' : fonction compilée en tant que code natif :
  	un intrinsèque non pris en charge a été trouvé dans le code managé
D:\Projets\Code\Emission\source\Assets\natives\stb_image.h(2637): warning C4793: '`anonymous namespace'::stbi__idct_simd' : fonction compilée en tant que code natif :
  	un intrinsèque non pris en charge a été trouvé dans le code managé
D:\Projets\Code\Emission\source\Assets\natives\stb_image.h(2637): warning C4793: '`anonymous namespace'::stbi__idct_simd' : fonction compilée en tant que code natif :
  	un intrinsèque non pris en charge a été trouvé dans le code managé
D:\Projets\Code\Emission\source\Assets\natives\stb_image.h(2637): warning C4793: '`anonymous namespace'::stbi__idct_simd' : fonction compilée en tant que code natif :
  	un intrinsèque non pris en charge a été trouvé dans le code managé
D:\Projets\Code\Emission\source\Assets\natives\stb_image.h(2637): warning C4793: '`anonymous namespace'::stbi__idct_simd' : fonction compilée en tant que code natif :
  	un intrinsèque non pris en charge a été trouvé dans le code managé
D:\Projets\Code\Emission\source\Assets\natives\stb_image.h(2637): warning C4793: '`anonymous namespace'::stbi__idct_simd' : fonction compilée en tant que code natif :
  	un intrinsèque non pris en charge a été trouvé dans le code managé
D:\Projets\Code\Emission\source\Assets\natives\stb_image.h(2637): warning C4793: '`anonymous namespace'::stbi__idct_simd' : fonction compilée en tant que code natif :
  	un intrinsèque non pris en charge a été trouvé dans le code managé
D:\Projets\Code\Emission\source\Assets\natives\stb_image.h(2637): warning C4793: '`anonymous namespace'::stbi__idct_simd' : fonction compilée en tant que code natif :
  	un intrinsèque non pris en charge a été trouvé dans le code managé
D:\Projets\Code\Emission\source\Assets\natives\stb_image.h(2637): warning C4793: '`anonymous namespace'::stbi__idct_simd' : fonction compilée en tant que code natif :
  	un intrinsèque non pris en charge a été trouvé dans le code managé
D:\Projets\Code\Emission\source\Assets\natives\stb_image.h(2637): warning C4793: '`anonymous namespace'::stbi__idct_simd' : fonction compilée en tant que code natif :
  	un intrinsèque non pris en charge a été trouvé dans le code managé
D:\Projets\Code\Emission\source\Assets\natives\stb_image.h(2637): warning C4793: '`anonymous namespace'::stbi__idct_simd' : fonction compilée en tant que code natif :
  	un intrinsèque non pris en charge a été trouvé dans le code managé
D:\Projets\Code\Emission\source\Assets\natives\stb_image.h(2637): warning C4793: '`anonymous namespace'::stbi__idct_simd' : fonction compilée en tant que code natif :
  	un intrinsèque non pris en charge a été trouvé dans le code managé
D:\Projets\Code\Emission\source\Assets\natives\stb_image.h(2637): warning C4793: '`anonymous namespace'::stbi__idct_simd' : fonction compilée en tant que code natif :
  	un intrinsèque non pris en charge a été trouvé dans le code managé
D:\Projets\Code\Emission\source\Assets\natives\stb_image.h(2637): warning C4793: '`anonymous namespace'::stbi__idct_simd' : fonction compilée en tant que code natif :
  	un intrinsèque non pris en charge a été trouvé dans le code managé
D:\Projets\Code\Emission\source\Assets\natives\stb_image.h(2637): warning C4793: '`anonymous namespace'::stbi__idct_simd' : fonction compilée en tant que code natif :
  	un intrinsèque non pris en charge a été trouvé dans le code managé
D:\Projets\Code\Emission\source\Assets\natives\stb_image.h(2637): warning C4793: '`anonymous namespace'::stbi__idct_simd' : fonction compilée en tant que code natif :
  	un intrinsèque non pris en charge a été trouvé dans le code managé
D:\Projets\Code\Emission\source\Assets\natives\stb_image.h(2637): warning C4793: '`anonymous namespace'::stbi__idct_simd' : fonction compilée en tant que code natif :
  	un intrinsèque non pris en charge a été trouvé dans le code managé
D:\Projets\Code\Emission\source\Assets\natives\stb_image.h(2637): warning C4793: '`anonymous namespace'::stbi__idct_simd' : fonction compilée en tant que code natif :
  	un intrinsèque non pris en charge a été trouvé dans le code managé
D:\Projets\Code\Emission\source\Assets\natives\stb_image.h(2637): warning C4793: '`anonymous namespace'::stbi__idct_simd' : fonction compilée en tant que code natif :
  	un intrinsèque non pris en charge a été trouvé dans le code managé
D:\Projets\Code\Emission\source\Assets\natives\stb_image.h(2637): warning C4793: '`anonymous namespace'::stbi__idct_simd' : fonction compilée en tant que code natif :
  	un intrinsèque non pris en charge a été trouvé dans le code managé
D:\Projets\Code\Emission\source\Assets\natives\stb_image.h(2637): warning C4793: '`anonymous namespace'::stbi__idct_simd' : fonction compilée en tant que code natif :
  	un intrinsèque non pris en charge a été trouvé dans le code managé
D:\Projets\Code\Emission\source\Assets\natives\stb_image.h(2637): warning C4793: '`anonymous namespace'::stbi__idct_simd' : fonction compilée en tant que code natif :
  	un intrinsèque non pris en charge a été trouvé dans le code managé
D:\Projets\Code\Emission\source\Assets\natives\stb_image.h(2637): warning C4793: '`anonymous namespace'::stbi__idct_simd' : fonction compilée en tant que code natif :
  	un intrinsèque non pris en charge a été trouvé dans le code managé
D:\Projets\Code\Emission\source\Assets\natives\stb_image.h(2637): warning C4793: '`anonymous namespace'::stbi__idct_simd' : fonction compilée en tant que code natif :
  	un intrinsèque non pris en charge a été trouvé dans le code managé
D:\Projets\Code\Emission\source\Assets\natives\stb_image.h(2637): warning C4793: '`anonymous namespace'::stbi__idct_simd' : fonction compilée en tant que code natif :
  	un intrinsèque non pris en charge a été trouvé dans le code managé
D:\Projets\Code\Emission\source\Assets\natives\stb_image.h(2637): warning C4793: '`anonymous namespace'::stbi__idct_simd' : fonction compilée en tant que code natif :
  	un intrinsèque non pris en charge a été trouvé dans le code managé
D:\Projets\Code\Emission\source\Assets\natives\stb_image.h(2637): warning C4793: '`anonymous namespace'::stbi__idct_simd' : fonction compilée en tant que code natif :
  	un intrinsèque non pris en charge a été trouvé dans le code managé
D:\Projets\Code\Emission\source\Assets\natives\stb_image.h(2637): warning C4793: '`anonymous namespace'::stbi__idct_simd' : fonction compilée en tant que code natif :
  	un intrinsèque non pris en charge a été trouvé dans le code managé
D:\Projets\Code\Emission\source\Assets\natives\stb_image.h(2637): warning C4793: '`anonymous namespace'::stbi__idct_simd' : fonction compilée en tant que code natif :
  	un intrinsèque non pris en charge a été trouvé dans le code managé
D:\Projets\Code\Emission\source\Assets\natives\stb_image.h(2637): warning C4793: '`anonymous namespace'::stbi__idct_simd' : fonction compilée en tant que code natif :
  	un intrinsèque non pris en charge a été trouvé dans le code managé
D:\Projets\Code\Emission\source\Assets\natives\stb_image.h(2637): warning C4793: '`anonymous namespace'::stbi__idct_simd' : fonction compilée en tant que code natif :
  	un intrinsèque non pris en charge a été trouvé dans le code managé
D:\Projets\Code\Emission\source\Assets\natives\stb_image.h(2637): warning C4793: '`anonymous namespace'::stbi__idct_simd' : fonction compilée en tant que code natif :
  	un intrinsèque non pris en charge a été trouvé dans le code managé
D:\Projets\Code\Emission\source\Assets\natives\stb_image.h(2637): warning C4793: '`anonymous namespace'::stbi__idct_simd' : fonction compilée en tant que code natif :
  	un intrinsèque non pris en charge a été trouvé dans le code managé
D:\Projets\Code\Emission\source\Assets\natives\stb_image.h(2637): warning C4793: '`anonymous namespace'::stbi__idct_simd' : fonction compilée en tant que code natif :
  	un intrinsèque non pris en charge a été trouvé dans le code managé
D:\Projets\Code\Emission\source\Assets\natives\stb_image.h(2637): warning C4793: '`anonymous namespace'::stbi__idct_simd' : fonction compilée en tant que code natif :
  	un intrinsèque non pris en charge a été trouvé dans le code managé
D:\Projets\Code\Emission\source\Assets\natives\stb_image.h(2637): warning C4793: '`anonymous namespace'::stbi__idct_simd' : fonction compilée en tant que code natif :
  	un intrinsèque non pris en charge a été trouvé dans le code managé
D:\Projets\Code\Emission\source\Assets\natives\stb_image.h(2637): warning C4793: '`anonymous namespace'::stbi__idct_simd' : fonction compilée en tant que code natif :
  	un intrinsèque non pris en charge a été trouvé dans le code managé
D:\Projets\Code\Emission\source\Assets\natives\stb_image.h(2637): warning C4793: '`anonymous namespace'::stbi__idct_simd' : fonction compilée en tant que code natif :
  	un intrinsèque non pris en charge a été trouvé dans le code managé
D:\Projets\Code\Emission\source\Assets\natives\stb_image.h(2637): warning C4793: '`anonymous namespace'::stbi__idct_simd' : fonction compilée en tant que code natif :
  	un intrinsèque non pris en charge a été trouvé dans le code managé
D:\Projets\Code\Emission\source\Assets\natives\stb_image.h(2637): warning C4793: '`anonymous namespace'::stbi__idct_simd' : fonction compilée en tant que code natif :
  	un intrinsèque non pris en charge a été trouvé dans le code managé
D:\Projets\Code\Emission\source\Assets\natives\stb_image.h(2637): warning C4793: '`anonymous namespace'::stbi__idct_simd' : fonction compilée en tant que code natif :
  	un intrinsèque non pris en charge a été trouvé dans le code managé
D:\Projets\Code\Emission\source\Assets\natives\stb_image.h(2637): warning C4793: '`anonymous namespace'::stbi__idct_simd' : fonction compilée en tant que code natif :
  	un intrinsèque non pris en charge a été trouvé dans le code managé
D:\Projets\Code\Emission\source\Assets\natives\stb_image.h(2637): warning C4793: '`anonymous namespace'::stbi__idct_simd' : fonction compilée en tant que code natif :
  	un intrinsèque non pris en charge a été trouvé dans le code managé
D:\Projets\Code\Emission\source\Assets\natives\stb_image.h(2637): warning C4793: '`anonymous namespace'::stbi__idct_simd' : fonction compilée en tant que code natif :
  	un intrinsèque non pris en charge a été trouvé dans le code managé
D:\Projets\Code\Emission\source\Assets\natives\stb_image.h(2637): warning C4793: '`anonymous namespace'::stbi__idct_simd' : fonction compilée en tant que code natif :
  	un intrinsèque non pris en charge a été trouvé dans le code managé
D:\Projets\Code\Emission\source\Assets\natives\stb_image.h(2637): warning C4793: '`anonymous namespace'::stbi__idct_simd' : fonction compilée en tant que code natif :
  	un intrinsèque non pris en charge a été trouvé dans le code managé
D:\Projets\Code\Emission\source\Assets\natives\stb_image.h(2637): warning C4793: '`anonymous namespace'::stbi__idct_simd' : fonction compilée en tant que code natif :
  	un intrinsèque non pris en charge a été trouvé dans le code managé
D:\Projets\Code\Emission\source\Assets\natives\stb_image.h(2637): warning C4793: '`anonymous namespace'::stbi__idct_simd' : fonction compilée en tant que code natif :
  	un intrinsèque non pris en charge a été trouvé dans le code managé
D:\Projets\Code\Emission\source\Assets\natives\stb_image.h(2637): warning C4793: '`anonymous namespace'::stbi__idct_simd' : fonction compilée en tant que code natif :
  	un intrinsèque non pris en charge a été trouvé dans le code managé
D:\Projets\Code\Emission\source\Assets\natives\stb_image.h(2637): warning C4793: '`anonymous namespace'::stbi__idct_simd' : fonction compilée en tant que code natif :
  	un intrinsèque non pris en charge a été trouvé dans le code managé
D:\Projets\Code\Emission\source\Assets\natives\stb_image.h(2637): warning C4793: '`anonymous namespace'::stbi__idct_simd' : fonction compilée en tant que code natif :
  	un intrinsèque non pris en charge a été trouvé dans le code managé
D:\Projets\Code\Emission\source\Assets\natives\stb_image.h(2637): warning C4793: '`anonymous namespace'::stbi__idct_simd' : fonction compilée en tant que code natif :
  	un intrinsèque non pris en charge a été trouvé dans le code managé
D:\Projets\Code\Emission\source\Assets\natives\stb_image.h(2637): warning C4793: '`anonymous namespace'::stbi__idct_simd' : fonction compilée en tant que code natif :
  	un intrinsèque non pris en charge a été trouvé dans le code managé
D:\Projets\Code\Emission\source\Assets\natives\stb_image.h(2637): warning C4793: '`anonymous namespace'::stbi__idct_simd' : fonction compilée en tant que code natif :
  	un intrinsèque non pris en charge a été trouvé dans le code managé
D:\Projets\Code\Emission\source\Assets\natives\stb_image.h(2637): warning C4793: '`anonymous namespace'::stbi__idct_simd' : fonction compilée en tant que code natif :
  	un intrinsèque non pris en charge a été trouvé dans le code managé
D:\Projets\Code\Emission\source\Assets\natives\stb_image.h(2637): warning C4793: '`anonymous namespace'::stbi__idct_simd' : fonction compilée en tant que code natif :
  	un intrinsèque non pris en charge a été trouvé dans le code managé
D:\Projets\Code\Emission\source\Assets\natives\stb_image.h(2637): warning C4793: '`anonymous namespace'::stbi__idct_simd' : fonction compilée en tant que code natif :
  	un intrinsèque non pris en charge a été trouvé dans le code managé
D:\Projets\Code\Emission\source\Assets\natives\stb_image.h(2637): warning C4793: '`anonymous namespace'::stbi__idct_simd' : fonction compilée en tant que code natif :
  	un intrinsèque non pris en charge a été trouvé dans le code managé
D:\Projets\Code\Emission\source\Assets\natives\stb_image.h(2637): warning C4793: '`anonymous namespace'::stbi__idct_simd' : fonction compilée en tant que code natif :
  	un intrinsèque non pris en charge a été trouvé dans le code managé
D:\Projets\Code\Emission\source\Assets\natives\stb_image.h(2637): warning C4793: '`anonymous namespace'::stbi__idct_simd' : fonction compilée en tant que code natif :
  	un intrinsèque non pris en charge a été trouvé dans le code managé
D:\Projets\Code\Emission\source\Assets\natives\stb_image.h(2637): warning C4793: '`anonymous namespace'::stbi__idct_simd' : fonction compilée en tant que code natif :
  	un intrinsèque non pris en charge a été trouvé dans le code managé
D:\Projets\Code\Emission\source\Assets\natives\stb_image.h(2637): warning C4793: '`anonymous namespace'::stbi__idct_simd' : fonction compilée en tant que code natif :
  	un intrinsèque non pris en charge a été trouvé dans le code managé
D:\Projets\Code\Emission\source\Assets\natives\stb_image.h(2637): warning C4793: '`anonymous namespace'::stbi__idct_simd' : fonction compilée en tant que code natif :
  	un intrinsèque non pris en charge a été trouvé dans le code managé
D:\Projets\Code\Emission\source\Assets\natives\stb_image.h(2637): warning C4793: '`anonymous namespace'::stbi__idct_simd' : fonction compilée en tant que code natif :
  	un intrinsèque non pris en charge a été trouvé dans le code managé
D:\Projets\Code\Emission\source\Assets\natives\stb_image.h(2637): warning C4793: '`anonymous namespace'::stbi__idct_simd' : fonction compilée en tant que code natif :
  	un intrinsèque non pris en charge a été trouvé dans le code managé
D:\Projets\Code\Emission\source\Assets\natives\stb_image.h(2637): warning C4793: '`anonymous namespace'::stbi__idct_simd' : fonction compilée en tant que code natif :
  	un intrinsèque non pris en charge a été trouvé dans le code managé
D:\Projets\Code\Emission\source\Assets\natives\stb_image.h(2637): warning C4793: '`anonymous namespace'::stbi__idct_simd' : fonction compilée en tant que code natif :
  	un intrinsèque non pris en charge a été trouvé dans le code managé
D:\Projets\Code\Emission\source\Assets\natives\stb_image.h(2637): warning C4793: '`anonymous namespace'::stbi__idct_simd' : fonction compilée en tant que code natif :
  	un intrinsèque non pris en charge a été trouvé dans le code managé
D:\Projets\Code\Emission\source\Assets\natives\stb_image.h(2637): warning C4793: '`anonymous namespace'::stbi__idct_simd' : fonction compilée en tant que code natif :
  	un intrinsèque non pris en charge a été trouvé dans le code managé
D:\Projets\Code\Emission\source\Assets\natives\stb_image.h(2637): warning C4793: '`anonymous namespace'::stbi__idct_simd' : fonction compilée en tant que code natif :
  	un intrinsèque non pris en charge a été trouvé dans le code managé
D:\Projets\Code\Emission\source\Assets\natives\stb_image.h(2637): warning C4793: '`anonymous namespace'::stbi__idct_simd' : fonction compilée en tant que code natif :
  	un intrinsèque non pris en charge a été trouvé dans le code managé
D:\Projets\Code\Emission\source\Assets\natives\stb_image.h(2637): warning C4793: '`anonymous namespace'::stbi__idct_simd' : fonction compilée en tant que code natif :
  	un intrinsèque non pris en charge a été trouvé dans le code managé
D:\Projets\Code\Emission\source\Assets\natives\stb_image.h(2637): warning C4793: '`anonymous namespace'::stbi__idct_simd' : fonction compilée en tant que code natif :
  	un intrinsèque non pris en charge a été trouvé dans le code managé
D:\Projets\Code\Emission\source\Assets\natives\stb_image.h(2637): warning C4793: '`anonymous namespace'::stbi__idct_simd' : fonction compilée en tant que code natif :
  	un intrinsèque non pris en charge a été trouvé dans le code managé
D:\Projets\Code\Emission\source\Assets\natives\stb_image.h(2637): warning C4793: '`anonymous namespace'::stbi__idct_simd' : fonction compilée en tant que code natif :
  	un intrinsèque non pris en charge a été trouvé dans le code managé
D:\Projets\Code\Emission\source\Assets\natives\stb_image.h(2637): warning C4793: '`anonymous namespace'::stbi__idct_simd' : fonction compilée en tant que code natif :
  	un intrinsèque non pris en charge a été trouvé dans le code managé
D:\Projets\Code\Emission\source\Assets\natives\stb_image.h(2637): warning C4793: '`anonymous namespace'::stbi__idct_simd' : fonction compilée en tant que code natif :
  	un intrinsèque non pris en charge a été trouvé dans le code managé
D:\Projets\Code\Emission\source\Assets\natives\stb_image.h(2641): warning C4793: '`anonymous namespace'::stbi__idct_simd' : fonction compilée en tant que code natif :
  	un intrinsèque non pris en charge a été trouvé dans le code managé
D:\Projets\Code\Emission\source\Assets\natives\stb_image.h(2641): warning C4793: '`anonymous namespace'::stbi__idct_simd' : fonction compilée en tant que code natif :
  	un intrinsèque non pris en charge a été trouvé dans le code managé
D:\Projets\Code\Emission\source\Assets\natives\stb_image.h(2642): warning C4793: '`anonymous namespace'::stbi__idct_simd' : fonction compilée en tant que code natif :
  	un intrinsèque non pris en charge a été trouvé dans le code managé
D:\Projets\Code\Emission\source\Assets\natives\stb_image.h(2642): warning C4793: '`anonymous namespace'::stbi__idct_simd' : fonction compilée en tant que code natif :
  	un intrinsèque non pris en charge a été trouvé dans le code managé
D:\Projets\Code\Emission\source\Assets\natives\stb_image.h(2643): warning C4793: '`anonymous namespace'::stbi__idct_simd' : fonction compilée en tant que code natif :
  	un intrinsèque non pris en charge a été trouvé dans le code managé
D:\Projets\Code\Emission\source\Assets\natives\stb_image.h(2643): warning C4793: '`anonymous namespace'::stbi__idct_simd' : fonction compilée en tant que code natif :
  	un intrinsèque non pris en charge a été trouvé dans le code managé
D:\Projets\Code\Emission\source\Assets\natives\stb_image.h(2644): warning C4793: '`anonymous namespace'::stbi__idct_simd' : fonction compilée en tant que code natif :
  	un intrinsèque non pris en charge a été trouvé dans le code managé
D:\Projets\Code\Emission\source\Assets\natives\stb_image.h(2644): warning C4793: '`anonymous namespace'::stbi__idct_simd' : fonction compilée en tant que code natif :
  	un intrinsèque non pris en charge a été trouvé dans le code managé
D:\Projets\Code\Emission\source\Assets\natives\stb_image.h(2647): warning C4793: '`anonymous namespace'::stbi__idct_simd' : fonction compilée en tant que code natif :
  	un intrinsèque non pris en charge a été trouvé dans le code managé
D:\Projets\Code\Emission\source\Assets\natives\stb_image.h(2647): warning C4793: '`anonymous namespace'::stbi__idct_simd' : fonction compilée en tant que code natif :
  	un intrinsèque non pris en charge a été trouvé dans le code managé
D:\Projets\Code\Emission\source\Assets\natives\stb_image.h(2648): warning C4793: '`anonymous namespace'::stbi__idct_simd' : fonction compilée en tant que code natif :
  	un intrinsèque non pris en charge a été trouvé dans le code managé
D:\Projets\Code\Emission\source\Assets\natives\stb_image.h(2648): warning C4793: '`anonymous namespace'::stbi__idct_simd' : fonction compilée en tant que code natif :
  	un intrinsèque non pris en charge a été trouvé dans le code managé
D:\Projets\Code\Emission\source\Assets\natives\stb_image.h(2649): warning C4793: '`anonymous namespace'::stbi__idct_simd' : fonction compilée en tant que code natif :
  	un intrinsèque non pris en charge a été trouvé dans le code managé
D:\Projets\Code\Emission\source\Assets\natives\stb_image.h(2649): warning C4793: '`anonymous namespace'::stbi__idct_simd' : fonction compilée en tant que code natif :
  	un intrinsèque non pris en charge a été trouvé dans le code managé
D:\Projets\Code\Emission\source\Assets\natives\stb_image.h(2650): warning C4793: '`anonymous namespace'::stbi__idct_simd' : fonction compilée en tant que code natif :
  	un intrinsèque non pris en charge a été trouvé dans le code managé
D:\Projets\Code\Emission\source\Assets\natives\stb_image.h(2650): warning C4793: '`anonymous namespace'::stbi__idct_simd' : fonction compilée en tant que code natif :
  	un intrinsèque non pris en charge a été trouvé dans le code managé
D:\Projets\Code\Emission\source\Assets\natives\stb_image.h(2653): warning C4793: '`anonymous namespace'::stbi__idct_simd' : fonction compilée en tant que code natif :
  	un intrinsèque non pris en charge a été trouvé dans le code managé
D:\Projets\Code\Emission\source\Assets\natives\stb_image.h(2653): warning C4793: '`anonymous namespace'::stbi__idct_simd' : fonction compilée en tant que code natif :
  	un intrinsèque non pris en charge a été trouvé dans le code managé
D:\Projets\Code\Emission\source\Assets\natives\stb_image.h(2654): warning C4793: '`anonymous namespace'::stbi__idct_simd' : fonction compilée en tant que code natif :
  	un intrinsèque non pris en charge a été trouvé dans le code managé
D:\Projets\Code\Emission\source\Assets\natives\stb_image.h(2654): warning C4793: '`anonymous namespace'::stbi__idct_simd' : fonction compilée en tant que code natif :
  	un intrinsèque non pris en charge a été trouvé dans le code managé
D:\Projets\Code\Emission\source\Assets\natives\stb_image.h(2655): warning C4793: '`anonymous namespace'::stbi__idct_simd' : fonction compilée en tant que code natif :
  	un intrinsèque non pris en charge a été trouvé dans le code managé
D:\Projets\Code\Emission\source\Assets\natives\stb_image.h(2655): warning C4793: '`anonymous namespace'::stbi__idct_simd' : fonction compilée en tant que code natif :
  	un intrinsèque non pris en charge a été trouvé dans le code managé
D:\Projets\Code\Emission\source\Assets\natives\stb_image.h(2656): warning C4793: '`anonymous namespace'::stbi__idct_simd' : fonction compilée en tant que code natif :
  	un intrinsèque non pris en charge a été trouvé dans le code managé
D:\Projets\Code\Emission\source\Assets\natives\stb_image.h(2656): warning C4793: '`anonymous namespace'::stbi__idct_simd' : fonction compilée en tant que code natif :
  	un intrinsèque non pris en charge a été trouvé dans le code managé
D:\Projets\Code\Emission\source\Assets\natives\stb_image.h(2660): warning C4793: '`anonymous namespace'::stbi__idct_simd' : fonction compilée en tant que code natif :
  	un intrinsèque non pris en charge a été trouvé dans le code managé
D:\Projets\Code\Emission\source\Assets\natives\stb_image.h(2660): warning C4793: '`anonymous namespace'::stbi__idct_simd' : fonction compilée en tant que code natif :
  	un intrinsèque non pris en charge a été trouvé dans le code managé
D:\Projets\Code\Emission\source\Assets\natives\stb_image.h(2660): warning C4793: '`anonymous namespace'::stbi__idct_simd' : fonction compilée en tant que code natif :
  	un intrinsèque non pris en charge a été trouvé dans le code managé
D:\Projets\Code\Emission\source\Assets\natives\stb_image.h(2660): warning C4793: '`anonymous namespace'::stbi__idct_simd' : fonction compilée en tant que code natif :
  	un intrinsèque non pris en charge a été trouvé dans le code managé
D:\Projets\Code\Emission\source\Assets\natives\stb_image.h(2660): warning C4793: '`anonymous namespace'::stbi__idct_simd' : fonction compilée en tant que code natif :
  	un intrinsèque non pris en charge a été trouvé dans le code managé
D:\Projets\Code\Emission\source\Assets\natives\stb_image.h(2660): warning C4793: '`anonymous namespace'::stbi__idct_simd' : fonction compilée en tant que code natif :
  	un intrinsèque non pris en charge a été trouvé dans le code managé
D:\Projets\Code\Emission\source\Assets\natives\stb_image.h(2660): warning C4793: '`anonymous namespace'::stbi__idct_simd' : fonction compilée en tant que code natif :
  	un intrinsèque non pris en charge a été trouvé dans le code managé
D:\Projets\Code\Emission\source\Assets\natives\stb_image.h(2660): warning C4793: '`anonymous namespace'::stbi__idct_simd' : fonction compilée en tant que code natif :
  	un intrinsèque non pris en charge a été trouvé dans le code managé
D:\Projets\Code\Emission\source\Assets\natives\stb_image.h(2660): warning C4793: '`anonymous namespace'::stbi__idct_simd' : fonction compilée en tant que code natif :
  	un intrinsèque non pris en charge a été trouvé dans le code managé
D:\Projets\Code\Emission\source\Assets\natives\stb_image.h(2660): warning C4793: '`anonymous namespace'::stbi__idct_simd' : fonction compilée en tant que code natif :
  	un intrinsèque non pris en charge a été trouvé dans le code managé
D:\Projets\Code\Emission\source\Assets\natives\stb_image.h(2660): warning C4793: '`anonymous namespace'::stbi__idct_simd' : fonction compilée en tant que code natif :
  	un intrinsèque non pris en charge a été trouvé dans le code managé
D:\Projets\Code\Emission\source\Assets\natives\stb_image.h(2660): warning C4793: '`anonymous namespace'::stbi__idct_simd' : fonction compilée en tant que code natif :
  	un intrinsèque non pris en charge a été trouvé dans le code managé
D:\Projets\Code\Emission\source\Assets\natives\stb_image.h(2660): warning C4793: '`anonymous namespace'::stbi__idct_simd' : fonction compilée en tant que code natif :
  	un intrinsèque non pris en charge a été trouvé dans le code managé
D:\Projets\Code\Emission\source\Assets\natives\stb_image.h(2660): warning C4793: '`anonymous namespace'::stbi__idct_simd' : fonction compilée en tant que code natif :
  	un intrinsèque non pris en charge a été trouvé dans le code managé
D:\Projets\Code\Emission\source\Assets\natives\stb_image.h(2660): warning C4793: '`anonymous namespace'::stbi__idct_simd' : fonction compilée en tant que code natif :
  	un intrinsèque non pris en charge a été trouvé dans le code managé
D:\Projets\Code\Emission\source\Assets\natives\stb_image.h(2660): warning C4793: '`anonymous namespace'::stbi__idct_simd' : fonction compilée en tant que code natif :
  	un intrinsèque non pris en charge a été trouvé dans le code managé
D:\Projets\Code\Emission\source\Assets\natives\stb_image.h(2660): warning C4793: '`anonymous namespace'::stbi__idct_simd' : fonction compilée en tant que code natif :
  	un intrinsèque non pris en charge a été trouvé dans le code managé
D:\Projets\Code\Emission\source\Assets\natives\stb_image.h(2660): warning C4793: '`anonymous namespace'::stbi__idct_simd' : fonction compilée en tant que code natif :
  	un intrinsèque non pris en charge a été trouvé dans le code managé
D:\Projets\Code\Emission\source\Assets\natives\stb_image.h(2660): warning C4793: '`anonymous namespace'::stbi__idct_simd' : fonction compilée en tant que code natif :
  	un intrinsèque non pris en charge a été trouvé dans le code managé
D:\Projets\Code\Emission\source\Assets\natives\stb_image.h(2660): warning C4793: '`anonymous namespace'::stbi__idct_simd' : fonction compilée en tant que code natif :
  	un intrinsèque non pris en charge a été trouvé dans le code managé
D:\Projets\Code\Emission\source\Assets\natives\stb_image.h(2660): warning C4793: '`anonymous namespace'::stbi__idct_simd' : fonction compilée en tant que code natif :
  	un intrinsèque non pris en charge a été trouvé dans le code managé
D:\Projets\Code\Emission\source\Assets\natives\stb_image.h(2660): warning C4793: '`anonymous namespace'::stbi__idct_simd' : fonction compilée en tant que code natif :
  	un intrinsèque non pris en charge a été trouvé dans le code managé
D:\Projets\Code\Emission\source\Assets\natives\stb_image.h(2660): warning C4793: '`anonymous namespace'::stbi__idct_simd' : fonction compilée en tant que code natif :
  	un intrinsèque non pris en charge a été trouvé dans le code managé
D:\Projets\Code\Emission\source\Assets\natives\stb_image.h(2660): warning C4793: '`anonymous namespace'::stbi__idct_simd' : fonction compilée en tant que code natif :
  	un intrinsèque non pris en charge a été trouvé dans le code managé
D:\Projets\Code\Emission\source\Assets\natives\stb_image.h(2660): warning C4793: '`anonymous namespace'::stbi__idct_simd' : fonction compilée en tant que code natif :
  	un intrinsèque non pris en charge a été trouvé dans le code managé
D:\Projets\Code\Emission\source\Assets\natives\stb_image.h(2660): warning C4793: '`anonymous namespace'::stbi__idct_simd' : fonction compilée en tant que code natif :
  	un intrinsèque non pris en charge a été trouvé dans le code managé
D:\Projets\Code\Emission\source\Assets\natives\stb_image.h(2660): warning C4793: '`anonymous namespace'::stbi__idct_simd' : fonction compilée en tant que code natif :
  	un intrinsèque non pris en charge a été trouvé dans le code managé
D:\Projets\Code\Emission\source\Assets\natives\stb_image.h(2660): warning C4793: '`anonymous namespace'::stbi__idct_simd' : fonction compilée en tant que code natif :
  	un intrinsèque non pris en charge a été trouvé dans le code managé
D:\Projets\Code\Emission\source\Assets\natives\stb_image.h(2660): warning C4793: '`anonymous namespace'::stbi__idct_simd' : fonction compilée en tant que code natif :
  	un intrinsèque non pris en charge a été trouvé dans le code managé
D:\Projets\Code\Emission\source\Assets\natives\stb_image.h(2660): warning C4793: '`anonymous namespace'::stbi__idct_simd' : fonction compilée en tant que code natif :
  	un intrinsèque non pris en charge a été trouvé dans le code managé
D:\Projets\Code\Emission\source\Assets\natives\stb_image.h(2660): warning C4793: '`anonymous namespace'::stbi__idct_simd' : fonction compilée en tant que code natif :
  	un intrinsèque non pris en charge a été trouvé dans le code managé
D:\Projets\Code\Emission\source\Assets\natives\stb_image.h(2660): warning C4793: '`anonymous namespace'::stbi__idct_simd' : fonction compilée en tant que code natif :
  	un intrinsèque non pris en charge a été trouvé dans le code managé
D:\Projets\Code\Emission\source\Assets\natives\stb_image.h(2660): warning C4793: '`anonymous namespace'::stbi__idct_simd' : fonction compilée en tant que code natif :
  	un intrinsèque non pris en charge a été trouvé dans le code managé
D:\Projets\Code\Emission\source\Assets\natives\stb_image.h(2660): warning C4793: '`anonymous namespace'::stbi__idct_simd' : fonction compilée en tant que code natif :
  	un intrinsèque non pris en charge a été trouvé dans le code managé
D:\Projets\Code\Emission\source\Assets\natives\stb_image.h(2660): warning C4793: '`anonymous namespace'::stbi__idct_simd' : fonction compilée en tant que code natif :
  	un intrinsèque non pris en charge a été trouvé dans le code managé
D:\Projets\Code\Emission\source\Assets\natives\stb_image.h(2660): warning C4793: '`anonymous namespace'::stbi__idct_simd' : fonction compilée en tant que code natif :
  	un intrinsèque non pris en charge a été trouvé dans le code managé
D:\Projets\Code\Emission\source\Assets\natives\stb_image.h(2660): warning C4793: '`anonymous namespace'::stbi__idct_simd' : fonction compilée en tant que code natif :
  	un intrinsèque non pris en charge a été trouvé dans le code managé
D:\Projets\Code\Emission\source\Assets\natives\stb_image.h(2660): warning C4793: '`anonymous namespace'::stbi__idct_simd' : fonction compilée en tant que code natif :
  	un intrinsèque non pris en charge a été trouvé dans le code managé
D:\Projets\Code\Emission\source\Assets\natives\stb_image.h(2660): warning C4793: '`anonymous namespace'::stbi__idct_simd' : fonction compilée en tant que code natif :
  	un intrinsèque non pris en charge a été trouvé dans le code managé
D:\Projets\Code\Emission\source\Assets\natives\stb_image.h(2660): warning C4793: '`anonymous namespace'::stbi__idct_simd' : fonction compilée en tant que code natif :
  	un intrinsèque non pris en charge a été trouvé dans le code managé
D:\Projets\Code\Emission\source\Assets\natives\stb_image.h(2660): warning C4793: '`anonymous namespace'::stbi__idct_simd' : fonction compilée en tant que code natif :
  	un intrinsèque non pris en charge a été trouvé dans le code managé
D:\Projets\Code\Emission\source\Assets\natives\stb_image.h(2660): warning C4793: '`anonymous namespace'::stbi__idct_simd' : fonction compilée en tant que code natif :
  	un intrinsèque non pris en charge a été trouvé dans le code managé
D:\Projets\Code\Emission\source\Assets\natives\stb_image.h(2660): warning C4793: '`anonymous namespace'::stbi__idct_simd' : fonction compilée en tant que code natif :
  	un intrinsèque non pris en charge a été trouvé dans le code managé
D:\Projets\Code\Emission\source\Assets\natives\stb_image.h(2660): warning C4793: '`anonymous namespace'::stbi__idct_simd' : fonction compilée en tant que code natif :
  	un intrinsèque non pris en charge a été trouvé dans le code managé
D:\Projets\Code\Emission\source\Assets\natives\stb_image.h(2660): warning C4793: '`anonymous namespace'::stbi__idct_simd' : fonction compilée en tant que code natif :
  	un intrinsèque non pris en charge a été trouvé dans le code managé
D:\Projets\Code\Emission\source\Assets\natives\stb_image.h(2660): warning C4793: '`anonymous namespace'::stbi__idct_simd' : fonction compilée en tant que code natif :
  	un intrinsèque non pris en charge a été trouvé dans le code managé
D:\Projets\Code\Emission\source\Assets\natives\stb_image.h(2660): warning C4793: '`anonymous namespace'::stbi__idct_simd' : fonction compilée en tant que code natif :
  	un intrinsèque non pris en charge a été trouvé dans le code managé
D:\Projets\Code\Emission\source\Assets\natives\stb_image.h(2660): warning C4793: '`anonymous namespace'::stbi__idct_simd' : fonction compilée en tant que code natif :
  	un intrinsèque non pris en charge a été trouvé dans le code managé
D:\Projets\Code\Emission\source\Assets\natives\stb_image.h(2660): warning C4793: '`anonymous namespace'::stbi__idct_simd' : fonction compilée en tant que code natif :
  	un intrinsèque non pris en charge a été trouvé dans le code managé
D:\Projets\Code\Emission\source\Assets\natives\stb_image.h(2660): warning C4793: '`anonymous namespace'::stbi__idct_simd' : fonction compilée en tant que code natif :
  	un intrinsèque non pris en charge a été trouvé dans le code managé
D:\Projets\Code\Emission\source\Assets\natives\stb_image.h(2660): warning C4793: '`anonymous namespace'::stbi__idct_simd' : fonction compilée en tant que code natif :
  	un intrinsèque non pris en charge a été trouvé dans le code managé
D:\Projets\Code\Emission\source\Assets\natives\stb_image.h(2660): warning C4793: '`anonymous namespace'::stbi__idct_simd' : fonction compilée en tant que code natif :
  	un intrinsèque non pris en charge a été trouvé dans le code managé
D:\Projets\Code\Emission\source\Assets\natives\stb_image.h(2660): warning C4793: '`anonymous namespace'::stbi__idct_simd' : fonction compilée en tant que code natif :
  	un intrinsèque non pris en charge a été trouvé dans le code managé
D:\Projets\Code\Emission\source\Assets\natives\stb_image.h(2660): warning C4793: '`anonymous namespace'::stbi__idct_simd' : fonction compilée en tant que code natif :
  	un intrinsèque non pris en charge a été trouvé dans le code managé
D:\Projets\Code\Emission\source\Assets\natives\stb_image.h(2660): warning C4793: '`anonymous namespace'::stbi__idct_simd' : fonction compilée en tant que code natif :
  	un intrinsèque non pris en charge a été trouvé dans le code managé
D:\Projets\Code\Emission\source\Assets\natives\stb_image.h(2660): warning C4793: '`anonymous namespace'::stbi__idct_simd' : fonction compilée en tant que code natif :
  	un intrinsèque non pris en charge a été trouvé dans le code managé
D:\Projets\Code\Emission\source\Assets\natives\stb_image.h(2660): warning C4793: '`anonymous namespace'::stbi__idct_simd' : fonction compilée en tant que code natif :
  	un intrinsèque non pris en charge a été trouvé dans le code managé
D:\Projets\Code\Emission\source\Assets\natives\stb_image.h(2660): warning C4793: '`anonymous namespace'::stbi__idct_simd' : fonction compilée en tant que code natif :
  	un intrinsèque non pris en charge a été trouvé dans le code managé
D:\Projets\Code\Emission\source\Assets\natives\stb_image.h(2660): warning C4793: '`anonymous namespace'::stbi__idct_simd' : fonction compilée en tant que code natif :
  	un intrinsèque non pris en charge a été trouvé dans le code managé
D:\Projets\Code\Emission\source\Assets\natives\stb_image.h(2660): warning C4793: '`anonymous namespace'::stbi__idct_simd' : fonction compilée en tant que code natif :
  	un intrinsèque non pris en charge a été trouvé dans le code managé
D:\Projets\Code\Emission\source\Assets\natives\stb_image.h(2660): warning C4793: '`anonymous namespace'::stbi__idct_simd' : fonction compilée en tant que code natif :
  	un intrinsèque non pris en charge a été trouvé dans le code managé
D:\Projets\Code\Emission\source\Assets\natives\stb_image.h(2660): warning C4793: '`anonymous namespace'::stbi__idct_simd' : fonction compilée en tant que code natif :
  	un intrinsèque non pris en charge a été trouvé dans le code managé
D:\Projets\Code\Emission\source\Assets\natives\stb_image.h(2660): warning C4793: '`anonymous namespace'::stbi__idct_simd' : fonction compilée en tant que code natif :
  	un intrinsèque non pris en charge a été trouvé dans le code managé
D:\Projets\Code\Emission\source\Assets\natives\stb_image.h(2660): warning C4793: '`anonymous namespace'::stbi__idct_simd' : fonction compilée en tant que code natif :
  	un intrinsèque non pris en charge a été trouvé dans le code managé
D:\Projets\Code\Emission\source\Assets\natives\stb_image.h(2660): warning C4793: '`anonymous namespace'::stbi__idct_simd' : fonction compilée en tant que code natif :
  	un intrinsèque non pris en charge a été trouvé dans le code managé
D:\Projets\Code\Emission\source\Assets\natives\stb_image.h(2660): warning C4793: '`anonymous namespace'::stbi__idct_simd' : fonction compilée en tant que code natif :
  	un intrinsèque non pris en charge a été trouvé dans le code managé
D:\Projets\Code\Emission\source\Assets\natives\stb_image.h(2660): warning C4793: '`anonymous namespace'::stbi__idct_simd' : fonction compilée en tant que code natif :
  	un intrinsèque non pris en charge a été trouvé dans le code managé
D:\Projets\Code\Emission\source\Assets\natives\stb_image.h(2660): warning C4793: '`anonymous namespace'::stbi__idct_simd' : fonction compilée en tant que code natif :
  	un intrinsèque non pris en charge a été trouvé dans le code managé
D:\Projets\Code\Emission\source\Assets\natives\stb_image.h(2660): warning C4793: '`anonymous namespace'::stbi__idct_simd' : fonction compilée en tant que code natif :
  	un intrinsèque non pris en charge a été trouvé dans le code managé
D:\Projets\Code\Emission\source\Assets\natives\stb_image.h(2660): warning C4793: '`anonymous namespace'::stbi__idct_simd' : fonction compilée en tant que code natif :
  	un intrinsèque non pris en charge a été trouvé dans le code managé
D:\Projets\Code\Emission\source\Assets\natives\stb_image.h(2660): warning C4793: '`anonymous namespace'::stbi__idct_simd' : fonction compilée en tant que code natif :
  	un intrinsèque non pris en charge a été trouvé dans le code managé
D:\Projets\Code\Emission\source\Assets\natives\stb_image.h(2660): warning C4793: '`anonymous namespace'::stbi__idct_simd' : fonction compilée en tant que code natif :
  	un intrinsèque non pris en charge a été trouvé dans le code managé
D:\Projets\Code\Emission\source\Assets\natives\stb_image.h(2660): warning C4793: '`anonymous namespace'::stbi__idct_simd' : fonction compilée en tant que code natif :
  	un intrinsèque non pris en charge a été trouvé dans le code managé
D:\Projets\Code\Emission\source\Assets\natives\stb_image.h(2660): warning C4793: '`anonymous namespace'::stbi__idct_simd' : fonction compilée en tant que code natif :
  	un intrinsèque non pris en charge a été trouvé dans le code managé
D:\Projets\Code\Emission\source\Assets\natives\stb_image.h(2660): warning C4793: '`anonymous namespace'::stbi__idct_simd' : fonction compilée en tant que code natif :
  	un intrinsèque non pris en charge a été trouvé dans le code managé
D:\Projets\Code\Emission\source\Assets\natives\stb_image.h(2660): warning C4793: '`anonymous namespace'::stbi__idct_simd' : fonction compilée en tant que code natif :
  	un intrinsèque non pris en charge a été trouvé dans le code managé
D:\Projets\Code\Emission\source\Assets\natives\stb_image.h(2660): warning C4793: '`anonymous namespace'::stbi__idct_simd' : fonction compilée en tant que code natif :
  	un intrinsèque non pris en charge a été trouvé dans le code managé
D:\Projets\Code\Emission\source\Assets\natives\stb_image.h(2660): warning C4793: '`anonymous namespace'::stbi__idct_simd' : fonction compilée en tant que code natif :
  	un intrinsèque non pris en charge a été trouvé dans le code managé
D:\Projets\Code\Emission\source\Assets\natives\stb_image.h(2660): warning C4793: '`anonymous namespace'::stbi__idct_simd' : fonction compilée en tant que code natif :
  	un intrinsèque non pris en charge a été trouvé dans le code managé
D:\Projets\Code\Emission\source\Assets\natives\stb_image.h(2660): warning C4793: '`anonymous namespace'::stbi__idct_simd' : fonction compilée en tant que code natif :
  	un intrinsèque non pris en charge a été trouvé dans le code managé
D:\Projets\Code\Emission\source\Assets\natives\stb_image.h(2660): warning C4793: '`anonymous namespace'::stbi__idct_simd' : fonction compilée en tant que code natif :
  	un intrinsèque non pris en charge a été trouvé dans le code managé
D:\Projets\Code\Emission\source\Assets\natives\stb_image.h(2660): warning C4793: '`anonymous namespace'::stbi__idct_simd' : fonction compilée en tant que code natif :
  	un intrinsèque non pris en charge a été trouvé dans le code managé
D:\Projets\Code\Emission\source\Assets\natives\stb_image.h(2660): warning C4793: '`anonymous namespace'::stbi__idct_simd' : fonction compilée en tant que code natif :
  	un intrinsèque non pris en charge a été trouvé dans le code managé
D:\Projets\Code\Emission\source\Assets\natives\stb_image.h(2660): warning C4793: '`anonymous namespace'::stbi__idct_simd' : fonction compilée en tant que code natif :
  	un intrinsèque non pris en charge a été trouvé dans le code managé
D:\Projets\Code\Emission\source\Assets\natives\stb_image.h(2660): warning C4793: '`anonymous namespace'::stbi__idct_simd' : fonction compilée en tant que code natif :
  	un intrinsèque non pris en charge a été trouvé dans le code managé
D:\Projets\Code\Emission\source\Assets\natives\stb_image.h(2660): warning C4793: '`anonymous namespace'::stbi__idct_simd' : fonction compilée en tant que code natif :
  	un intrinsèque non pris en charge a été trouvé dans le code managé
D:\Projets\Code\Emission\source\Assets\natives\stb_image.h(2660): warning C4793: '`anonymous namespace'::stbi__idct_simd' : fonction compilée en tant que code natif :
  	un intrinsèque non pris en charge a été trouvé dans le code managé
D:\Projets\Code\Emission\source\Assets\natives\stb_image.h(2660): warning C4793: '`anonymous namespace'::stbi__idct_simd' : fonction compilée en tant que code natif :
  	un intrinsèque non pris en charge a été trouvé dans le code managé
D:\Projets\Code\Emission\source\Assets\natives\stb_image.h(2660): warning C4793: '`anonymous namespace'::stbi__idct_simd' : fonction compilée en tant que code natif :
  	un intrinsèque non pris en charge a été trouvé dans le code managé
D:\Projets\Code\Emission\source\Assets\natives\stb_image.h(2660): warning C4793: '`anonymous namespace'::stbi__idct_simd' : fonction compilée en tant que code natif :
  	un intrinsèque non pris en charge a été trouvé dans le code managé
D:\Projets\Code\Emission\source\Assets\natives\stb_image.h(2660): warning C4793: '`anonymous namespace'::stbi__idct_simd' : fonction compilée en tant que code natif :
  	un intrinsèque non pris en charge a été trouvé dans le code managé
D:\Projets\Code\Emission\source\Assets\natives\stb_image.h(2660): warning C4793: '`anonymous namespace'::stbi__idct_simd' : fonction compilée en tant que code natif :
  	un intrinsèque non pris en charge a été trouvé dans le code managé
D:\Projets\Code\Emission\source\Assets\natives\stb_image.h(2660): warning C4793: '`anonymous namespace'::stbi__idct_simd' : fonction compilée en tant que code natif :
  	un intrinsèque non pris en charge a été trouvé dans le code managé
D:\Projets\Code\Emission\source\Assets\natives\stb_image.h(2660): warning C4793: '`anonymous namespace'::stbi__idct_simd' : fonction compilée en tant que code natif :
  	un intrinsèque non pris en charge a été trouvé dans le code managé
D:\Projets\Code\Emission\source\Assets\natives\stb_image.h(2660): warning C4793: '`anonymous namespace'::stbi__idct_simd' : fonction compilée en tant que code natif :
  	un intrinsèque non pris en charge a été trouvé dans le code managé
D:\Projets\Code\Emission\source\Assets\natives\stb_image.h(2660): warning C4793: '`anonymous namespace'::stbi__idct_simd' : fonction compilée en tant que code natif :
  	un intrinsèque non pris en charge a été trouvé dans le code managé
D:\Projets\Code\Emission\source\Assets\natives\stb_image.h(2660): warning C4793: '`anonymous namespace'::stbi__idct_simd' : fonction compilée en tant que code natif :
  	un intrinsèque non pris en charge a été trouvé dans le code managé
D:\Projets\Code\Emission\source\Assets\natives\stb_image.h(2660): warning C4793: '`anonymous namespace'::stbi__idct_simd' : fonction compilée en tant que code natif :
  	un intrinsèque non pris en charge a été trouvé dans le code managé
D:\Projets\Code\Emission\source\Assets\natives\stb_image.h(2660): warning C4793: '`anonymous namespace'::stbi__idct_simd' : fonction compilée en tant que code natif :
  	un intrinsèque non pris en charge a été trouvé dans le code managé
D:\Projets\Code\Emission\source\Assets\natives\stb_image.h(2660): warning C4793: '`anonymous namespace'::stbi__idct_simd' : fonction compilée en tant que code natif :
  	un intrinsèque non pris en charge a été trouvé dans le code managé
D:\Projets\Code\Emission\source\Assets\natives\stb_image.h(2660): warning C4793: '`anonymous namespace'::stbi__idct_simd' : fonction compilée en tant que code natif :
  	un intrinsèque non pris en charge a été trouvé dans le code managé
D:\Projets\Code\Emission\source\Assets\natives\stb_image.h(2660): warning C4793: '`anonymous namespace'::stbi__idct_simd' : fonction compilée en tant que code natif :
  	un intrinsèque non pris en charge a été trouvé dans le code managé
D:\Projets\Code\Emission\source\Assets\natives\stb_image.h(2660): warning C4793: '`anonymous namespace'::stbi__idct_simd' : fonction compilée en tant que code natif :
  	un intrinsèque non pris en charge a été trouvé dans le code managé
D:\Projets\Code\Emission\source\Assets\natives\stb_image.h(2660): warning C4793: '`anonymous namespace'::stbi__idct_simd' : fonction compilée en tant que code natif :
  	un intrinsèque non pris en charge a été trouvé dans le code managé
D:\Projets\Code\Emission\source\Assets\natives\stb_image.h(2664): warning C4793: '`anonymous namespace'::stbi__idct_simd' : fonction compilée en tant que code natif :
  	un intrinsèque non pris en charge a été trouvé dans le code managé
D:\Projets\Code\Emission\source\Assets\natives\stb_image.h(2665): warning C4793: '`anonymous namespace'::stbi__idct_simd' : fonction compilée en tant que code natif :
  	un intrinsèque non pris en charge a été trouvé dans le code managé
D:\Projets\Code\Emission\source\Assets\natives\stb_image.h(2666): warning C4793: '`anonymous namespace'::stbi__idct_simd' : fonction compilée en tant que code natif :
  	un intrinsèque non pris en charge a été trouvé dans le code managé
D:\Projets\Code\Emission\source\Assets\natives\stb_image.h(2667): warning C4793: '`anonymous namespace'::stbi__idct_simd' : fonction compilée en tant que code natif :
  	un intrinsèque non pris en charge a été trouvé dans le code managé
D:\Projets\Code\Emission\source\Assets\natives\stb_image.h(2670): warning C4793: '`anonymous namespace'::stbi__idct_simd' : fonction compilée en tant que code natif :
  	un intrinsèque non pris en charge a été trouvé dans le code managé
D:\Projets\Code\Emission\source\Assets\natives\stb_image.h(2670): warning C4793: '`anonymous namespace'::stbi__idct_simd' : fonction compilée en tant que code natif :
  	un intrinsèque non pris en charge a été trouvé dans le code managé
D:\Projets\Code\Emission\source\Assets\natives\stb_image.h(2671): warning C4793: '`anonymous namespace'::stbi__idct_simd' : fonction compilée en tant que code natif :
  	un intrinsèque non pris en charge a été trouvé dans le code managé
D:\Projets\Code\Emission\source\Assets\natives\stb_image.h(2671): warning C4793: '`anonymous namespace'::stbi__idct_simd' : fonction compilée en tant que code natif :
  	un intrinsèque non pris en charge a été trouvé dans le code managé
D:\Projets\Code\Emission\source\Assets\natives\stb_image.h(2674): warning C4793: '`anonymous namespace'::stbi__idct_simd' : fonction compilée en tant que code natif :
  	un intrinsèque non pris en charge a été trouvé dans le code managé
D:\Projets\Code\Emission\source\Assets\natives\stb_image.h(2674): warning C4793: '`anonymous namespace'::stbi__idct_simd' : fonction compilée en tant que code natif :
  	un intrinsèque non pris en charge a été trouvé dans le code managé
D:\Projets\Code\Emission\source\Assets\natives\stb_image.h(2675): warning C4793: '`anonymous namespace'::stbi__idct_simd' : fonction compilée en tant que code natif :
  	un intrinsèque non pris en charge a été trouvé dans le code managé
D:\Projets\Code\Emission\source\Assets\natives\stb_image.h(2675): warning C4793: '`anonymous namespace'::stbi__idct_simd' : fonction compilée en tant que code natif :
  	un intrinsèque non pris en charge a été trouvé dans le code managé
D:\Projets\Code\Emission\source\Assets\natives\stb_image.h(2678): warning C4793: '`anonymous namespace'::stbi__idct_simd' : fonction compilée en tant que code natif :
  	un intrinsèque non pris en charge a été trouvé dans le code managé
D:\Projets\Code\Emission\source\Assets\natives\stb_image.h(2678): warning C4793: '`anonymous namespace'::stbi__idct_simd' : fonction compilée en tant que code natif :
  	un intrinsèque non pris en charge a été trouvé dans le code managé
D:\Projets\Code\Emission\source\Assets\natives\stb_image.h(2679): warning C4793: '`anonymous namespace'::stbi__idct_simd' : fonction compilée en tant que code natif :
  	un intrinsèque non pris en charge a été trouvé dans le code managé
D:\Projets\Code\Emission\source\Assets\natives\stb_image.h(2679): warning C4793: '`anonymous namespace'::stbi__idct_simd' : fonction compilée en tant que code natif :
  	un intrinsèque non pris en charge a été trouvé dans le code managé
D:\Projets\Code\Emission\source\Assets\natives\stb_image.h(2682): warning C4793: '`anonymous namespace'::stbi__idct_simd' : fonction compilée en tant que code natif :
  	un intrinsèque non pris en charge a été trouvé dans le code managé
D:\Projets\Code\Emission\source\Assets\natives\stb_image.h(2683): warning C4793: '`anonymous namespace'::stbi__idct_simd' : fonction compilée en tant que code natif :
  	un intrinsèque non pris en charge a été trouvé dans le code managé
D:\Projets\Code\Emission\source\Assets\natives\stb_image.h(2683): warning C4793: '`anonymous namespace'::stbi__idct_simd' : fonction compilée en tant que code natif :
  	un intrinsèque non pris en charge a été trouvé dans le code managé
D:\Projets\Code\Emission\source\Assets\natives\stb_image.h(2684): warning C4793: '`anonymous namespace'::stbi__idct_simd' : fonction compilée en tant que code natif :
  	un intrinsèque non pris en charge a été trouvé dans le code managé
D:\Projets\Code\Emission\source\Assets\natives\stb_image.h(2685): warning C4793: '`anonymous namespace'::stbi__idct_simd' : fonction compilée en tant que code natif :
  	un intrinsèque non pris en charge a été trouvé dans le code managé
D:\Projets\Code\Emission\source\Assets\natives\stb_image.h(2685): warning C4793: '`anonymous namespace'::stbi__idct_simd' : fonction compilée en tant que code natif :
  	un intrinsèque non pris en charge a été trouvé dans le code managé
D:\Projets\Code\Emission\source\Assets\natives\stb_image.h(2686): warning C4793: '`anonymous namespace'::stbi__idct_simd' : fonction compilée en tant que code natif :
  	un intrinsèque non pris en charge a été trouvé dans le code managé
D:\Projets\Code\Emission\source\Assets\natives\stb_image.h(2687): warning C4793: '`anonymous namespace'::stbi__idct_simd' : fonction compilée en tant que code natif :
  	un intrinsèque non pris en charge a été trouvé dans le code managé
D:\Projets\Code\Emission\source\Assets\natives\stb_image.h(2687): warning C4793: '`anonymous namespace'::stbi__idct_simd' : fonction compilée en tant que code natif :
  	un intrinsèque non pris en charge a été trouvé dans le code managé
D:\Projets\Code\Emission\source\Assets\natives\stb_image.h(2688): warning C4793: '`anonymous namespace'::stbi__idct_simd' : fonction compilée en tant que code natif :
  	un intrinsèque non pris en charge a été trouvé dans le code managé
D:\Projets\Code\Emission\source\Assets\natives\stb_image.h(2689): warning C4793: '`anonymous namespace'::stbi__idct_simd' : fonction compilée en tant que code natif :
  	un intrinsèque non pris en charge a été trouvé dans le code managé
D:\Projets\Code\Emission\source\Assets\natives\stb_image.h(2689): warning C4793: '`anonymous namespace'::stbi__idct_simd' : fonction compilée en tant que code natif :
  	un intrinsèque non pris en charge a été trouvé dans le code managé
D:\Projets\Code\Emission\source\Assets\natives\stb_image.h(3694): warning C4793: '`anonymous namespace'::stbi__YCbCr_to_RGB_simd' : fonction compilée en tant que code natif :
  	un intrinsèque non pris en charge a été trouvé dans le code managé
D:\Projets\Code\Emission\source\Assets\natives\stb_image.h(3695): warning C4793: '`anonymous namespace'::stbi__YCbCr_to_RGB_simd' : fonction compilée en tant que code natif :
  	un intrinsèque non pris en charge a été trouvé dans le code managé
D:\Projets\Code\Emission\source\Assets\natives\stb_image.h(3696): warning C4793: '`anonymous namespace'::stbi__YCbCr_to_RGB_simd' : fonction compilée en tant que code natif :
  	un intrinsèque non pris en charge a été trouvé dans le code managé
D:\Projets\Code\Emission\source\Assets\natives\stb_image.h(3697): warning C4793: '`anonymous namespace'::stbi__YCbCr_to_RGB_simd' : fonction compilée en tant que code natif :
  	un intrinsèque non pris en charge a été trouvé dans le code managé
D:\Projets\Code\Emission\source\Assets\natives\stb_image.h(3698): warning C4793: '`anonymous namespace'::stbi__YCbCr_to_RGB_simd' : fonction compilée en tant que code natif :
  	un intrinsèque non pris en charge a été trouvé dans le code managé
D:\Projets\Code\Emission\source\Assets\natives\stb_image.h(3699): warning C4793: '`anonymous namespace'::stbi__YCbCr_to_RGB_simd' : fonction compilée en tant que code natif :
  	un intrinsèque non pris en charge a été trouvé dans le code managé
D:\Projets\Code\Emission\source\Assets\natives\stb_image.h(3700): warning C4793: '`anonymous namespace'::stbi__YCbCr_to_RGB_simd' : fonction compilée en tant que code natif :
  	un intrinsèque non pris en charge a été trouvé dans le code managé
D:\Projets\Code\Emission\source\Assets\natives\stb_image.h(3704): warning C4793: '`anonymous namespace'::stbi__YCbCr_to_RGB_simd' : fonction compilée en tant que code natif :
  	un intrinsèque non pris en charge a été trouvé dans le code managé
D:\Projets\Code\Emission\source\Assets\natives\stb_image.h(3705): warning C4793: '`anonymous namespace'::stbi__YCbCr_to_RGB_simd' : fonction compilée en tant que code natif :
  	un intrinsèque non pris en charge a été trouvé dans le code managé
D:\Projets\Code\Emission\source\Assets\natives\stb_image.h(3706): warning C4793: '`anonymous namespace'::stbi__YCbCr_to_RGB_simd' : fonction compilée en tant que code natif :
  	un intrinsèque non pris en charge a été trouvé dans le code managé
D:\Projets\Code\Emission\source\Assets\natives\stb_image.h(3707): warning C4793: '`anonymous namespace'::stbi__YCbCr_to_RGB_simd' : fonction compilée en tant que code natif :
  	un intrinsèque non pris en charge a été trouvé dans le code managé
D:\Projets\Code\Emission\source\Assets\natives\stb_image.h(3708): warning C4793: '`anonymous namespace'::stbi__YCbCr_to_RGB_simd' : fonction compilée en tant que code natif :
  	un intrinsèque non pris en charge a été trouvé dans le code managé
D:\Projets\Code\Emission\source\Assets\natives\stb_image.h(3711): warning C4793: '`anonymous namespace'::stbi__YCbCr_to_RGB_simd' : fonction compilée en tant que code natif :
  	un intrinsèque non pris en charge a été trouvé dans le code managé
D:\Projets\Code\Emission\source\Assets\natives\stb_image.h(3712): warning C4793: '`anonymous namespace'::stbi__YCbCr_to_RGB_simd' : fonction compilée en tant que code natif :
  	un intrinsèque non pris en charge a été trouvé dans le code managé
D:\Projets\Code\Emission\source\Assets\natives\stb_image.h(3712): warning C4793: '`anonymous namespace'::stbi__YCbCr_to_RGB_simd' : fonction compilée en tant que code natif :
  	un intrinsèque non pris en charge a été trouvé dans le code managé
D:\Projets\Code\Emission\source\Assets\natives\stb_image.h(3713): warning C4793: '`anonymous namespace'::stbi__YCbCr_to_RGB_simd' : fonction compilée en tant que code natif :
  	un intrinsèque non pris en charge a été trouvé dans le code managé
D:\Projets\Code\Emission\source\Assets\natives\stb_image.h(3713): warning C4793: '`anonymous namespace'::stbi__YCbCr_to_RGB_simd' : fonction compilée en tant que code natif :
  	un intrinsèque non pris en charge a été trouvé dans le code managé
D:\Projets\Code\Emission\source\Assets\natives\stb_image.h(3716): warning C4793: '`anonymous namespace'::stbi__YCbCr_to_RGB_simd' : fonction compilée en tant que code natif :
  	un intrinsèque non pris en charge a été trouvé dans le code managé
D:\Projets\Code\Emission\source\Assets\natives\stb_image.h(3717): warning C4793: '`anonymous namespace'::stbi__YCbCr_to_RGB_simd' : fonction compilée en tant que code natif :
  	un intrinsèque non pris en charge a été trouvé dans le code managé
D:\Projets\Code\Emission\source\Assets\natives\stb_image.h(3718): warning C4793: '`anonymous namespace'::stbi__YCbCr_to_RGB_simd' : fonction compilée en tant que code natif :
  	un intrinsèque non pris en charge a été trouvé dans le code managé
D:\Projets\Code\Emission\source\Assets\natives\stb_image.h(3719): warning C4793: '`anonymous namespace'::stbi__YCbCr_to_RGB_simd' : fonction compilée en tant que code natif :
  	un intrinsèque non pris en charge a été trouvé dans le code managé
D:\Projets\Code\Emission\source\Assets\natives\stb_image.h(3720): warning C4793: '`anonymous namespace'::stbi__YCbCr_to_RGB_simd' : fonction compilée en tant que code natif :
  	un intrinsèque non pris en charge a été trouvé dans le code managé
D:\Projets\Code\Emission\source\Assets\natives\stb_image.h(3721): warning C4793: '`anonymous namespace'::stbi__YCbCr_to_RGB_simd' : fonction compilée en tant que code natif :
  	un intrinsèque non pris en charge a été trouvé dans le code managé
D:\Projets\Code\Emission\source\Assets\natives\stb_image.h(3722): warning C4793: '`anonymous namespace'::stbi__YCbCr_to_RGB_simd' : fonction compilée en tant que code natif :
  	un intrinsèque non pris en charge a été trouvé dans le code managé
D:\Projets\Code\Emission\source\Assets\natives\stb_image.h(3723): warning C4793: '`anonymous namespace'::stbi__YCbCr_to_RGB_simd' : fonction compilée en tant que code natif :
  	un intrinsèque non pris en charge a été trouvé dans le code managé
D:\Projets\Code\Emission\source\Assets\natives\stb_image.h(3724): warning C4793: '`anonymous namespace'::stbi__YCbCr_to_RGB_simd' : fonction compilée en tant que code natif :
  	un intrinsèque non pris en charge a été trouvé dans le code managé
D:\Projets\Code\Emission\source\Assets\natives\stb_image.h(3727): warning C4793: '`anonymous namespace'::stbi__YCbCr_to_RGB_simd' : fonction compilée en tant que code natif :
  	un intrinsèque non pris en charge a été trouvé dans le code managé
D:\Projets\Code\Emission\source\Assets\natives\stb_image.h(3728): warning C4793: '`anonymous namespace'::stbi__YCbCr_to_RGB_simd' : fonction compilée en tant que code natif :
  	un intrinsèque non pris en charge a été trouvé dans le code managé
D:\Projets\Code\Emission\source\Assets\natives\stb_image.h(3729): warning C4793: '`anonymous namespace'::stbi__YCbCr_to_RGB_simd' : fonction compilée en tant que code natif :
  	un intrinsèque non pris en charge a été trouvé dans le code managé
D:\Projets\Code\Emission\source\Assets\natives\stb_image.h(3732): warning C4793: '`anonymous namespace'::stbi__YCbCr_to_RGB_simd' : fonction compilée en tant que code natif :
  	un intrinsèque non pris en charge a été trouvé dans le code managé
D:\Projets\Code\Emission\source\Assets\natives\stb_image.h(3733): warning C4793: '`anonymous namespace'::stbi__YCbCr_to_RGB_simd' : fonction compilée en tant que code natif :
  	un intrinsèque non pris en charge a été trouvé dans le code managé
D:\Projets\Code\Emission\source\Assets\natives\stb_image.h(3736): warning C4793: '`anonymous namespace'::stbi__YCbCr_to_RGB_simd' : fonction compilée en tant que code natif :
  	un intrinsèque non pris en charge a été trouvé dans le code managé
D:\Projets\Code\Emission\source\Assets\natives\stb_image.h(3737): warning C4793: '`anonymous namespace'::stbi__YCbCr_to_RGB_simd' : fonction compilée en tant que code natif :
  	un intrinsèque non pris en charge a été trouvé dans le code managé
D:\Projets\Code\Emission\source\Assets\natives\stb_image.h(3738): warning C4793: '`anonymous namespace'::stbi__YCbCr_to_RGB_simd' : fonction compilée en tant que code natif :
  	un intrinsèque non pris en charge a été trouvé dans le code managé
D:\Projets\Code\Emission\source\Assets\natives\stb_image.h(3739): warning C4793: '`anonymous namespace'::stbi__YCbCr_to_RGB_simd' : fonction compilée en tant que code natif :
  	un intrinsèque non pris en charge a été trouvé dans le code managé
D:\Projets\Code\Emission\source\Assets\natives\stb_image.h(3742): warning C4793: '`anonymous namespace'::stbi__YCbCr_to_RGB_simd' : fonction compilée en tant que code natif :
  	un intrinsèque non pris en charge a été trouvé dans le code managé
D:\Projets\Code\Emission\source\Assets\natives\stb_image.h(3743): warning C4793: '`anonymous namespace'::stbi__YCbCr_to_RGB_simd' : fonction compilée en tant que code natif :
  	un intrinsèque non pris en charge a été trouvé dans le code managé
D:\Projets\Code\Emission\source\Assets\natives\stb_image.h(3546): warning C4793: '`anonymous namespace'::stbi__resample_row_hv_2_simd' : fonction compilée en tant que code natif :
  	un intrinsèque non pris en charge a été trouvé dans le code managé
D:\Projets\Code\Emission\source\Assets\natives\stb_image.h(3547): warning C4793: '`anonymous namespace'::stbi__resample_row_hv_2_simd' : fonction compilée en tant que code natif :
  	un intrinsèque non pris en charge a été trouvé dans le code managé
D:\Projets\Code\Emission\source\Assets\natives\stb_image.h(3548): warning C4793: '`anonymous namespace'::stbi__resample_row_hv_2_simd' : fonction compilée en tant que code natif :
  	un intrinsèque non pris en charge a été trouvé dans le code managé
D:\Projets\Code\Emission\source\Assets\natives\stb_image.h(3549): warning C4793: '`anonymous namespace'::stbi__resample_row_hv_2_simd' : fonction compilée en tant que code natif :
  	un intrinsèque non pris en charge a été trouvé dans le code managé
D:\Projets\Code\Emission\source\Assets\natives\stb_image.h(3550): warning C4793: '`anonymous namespace'::stbi__resample_row_hv_2_simd' : fonction compilée en tant que code natif :
  	un intrinsèque non pris en charge a été trouvé dans le code managé
D:\Projets\Code\Emission\source\Assets\natives\stb_image.h(3551): warning C4793: '`anonymous namespace'::stbi__resample_row_hv_2_simd' : fonction compilée en tant que code natif :
  	un intrinsèque non pris en charge a été trouvé dans le code managé
D:\Projets\Code\Emission\source\Assets\natives\stb_image.h(3552): warning C4793: '`anonymous namespace'::stbi__resample_row_hv_2_simd' : fonction compilée en tant que code natif :
  	un intrinsèque non pris en charge a été trouvé dans le code managé
D:\Projets\Code\Emission\source\Assets\natives\stb_image.h(3553): warning C4793: '`anonymous namespace'::stbi__resample_row_hv_2_simd' : fonction compilée en tant que code natif :
  	un intrinsèque non pris en charge a été trouvé dans le code managé
D:\Projets\Code\Emission\source\Assets\natives\stb_image.h(3560): warning C4793: '`anonymous namespace'::stbi__resample_row_hv_2_simd' : fonction compilée en tant que code natif :
  	un intrinsèque non pris en charge a été trouvé dans le code managé
D:\Projets\Code\Emission\source\Assets\natives\stb_image.h(3561): warning C4793: '`anonymous namespace'::stbi__resample_row_hv_2_simd' : fonction compilée en tant que code natif :
  	un intrinsèque non pris en charge a été trouvé dans le code managé
D:\Projets\Code\Emission\source\Assets\natives\stb_image.h(3562): warning C4793: '`anonymous namespace'::stbi__resample_row_hv_2_simd' : fonction compilée en tant que code natif :
  	un intrinsèque non pris en charge a été trouvé dans le code managé
D:\Projets\Code\Emission\source\Assets\natives\stb_image.h(3563): warning C4793: '`anonymous namespace'::stbi__resample_row_hv_2_simd' : fonction compilée en tant que code natif :
  	un intrinsèque non pris en charge a été trouvé dans le code managé
D:\Projets\Code\Emission\source\Assets\natives\stb_image.h(3569): warning C4793: '`anonymous namespace'::stbi__resample_row_hv_2_simd' : fonction compilée en tant que code natif :
  	un intrinsèque non pris en charge a été trouvé dans le code managé
D:\Projets\Code\Emission\source\Assets\natives\stb_image.h(3570): warning C4793: '`anonymous namespace'::stbi__resample_row_hv_2_simd' : fonction compilée en tant que code natif :
  	un intrinsèque non pris en charge a été trouvé dans le code managé
D:\Projets\Code\Emission\source\Assets\natives\stb_image.h(3571): warning C4793: '`anonymous namespace'::stbi__resample_row_hv_2_simd' : fonction compilée en tant que code natif :
  	un intrinsèque non pris en charge a été trouvé dans le code managé
D:\Projets\Code\Emission\source\Assets\natives\stb_image.h(3572): warning C4793: '`anonymous namespace'::stbi__resample_row_hv_2_simd' : fonction compilée en tant que code natif :
  	un intrinsèque non pris en charge a été trouvé dans le code managé
D:\Projets\Code\Emission\source\Assets\natives\stb_image.h(3573): warning C4793: '`anonymous namespace'::stbi__resample_row_hv_2_simd' : fonction compilée en tant que code natif :
  	un intrinsèque non pris en charge a été trouvé dans le code managé
D:\Projets\Code\Emission\source\Assets\natives\stb_image.h(3574): warning C4793: '`anonymous namespace'::stbi__resample_row_hv_2_simd' : fonction compilée en tant que code natif :
  	un intrinsèque non pris en charge a été trouvé dans le code managé
D:\Projets\Code\Emission\source\Assets\natives\stb_image.h(3575): warning C4793: '`anonymous namespace'::stbi__resample_row_hv_2_simd' : fonction compilée en tant que code natif :
  	un intrinsèque non pris en charge a été trouvé dans le code managé
D:\Projets\Code\Emission\source\Assets\natives\stb_image.h(3578): warning C4793: '`anonymous namespace'::stbi__resample_row_hv_2_simd' : fonction compilée en tant que code natif :
  	un intrinsèque non pris en charge a été trouvé dans le code managé
D:\Projets\Code\Emission\source\Assets\natives\stb_image.h(3579): warning C4793: '`anonymous namespace'::stbi__resample_row_hv_2_simd' : fonction compilée en tant que code natif :
  	un intrinsèque non pris en charge a été trouvé dans le code managé
D:\Projets\Code\Emission\source\Assets\natives\stb_image.h(3580): warning C4793: '`anonymous namespace'::stbi__resample_row_hv_2_simd' : fonction compilée en tant que code natif :
  	un intrinsèque non pris en charge a été trouvé dans le code managé
D:\Projets\Code\Emission\source\Assets\natives\stb_image.h(3581): warning C4793: '`anonymous namespace'::stbi__resample_row_hv_2_simd' : fonction compilée en tant que code natif :
  	un intrinsèque non pris en charge a été trouvé dans le code managé
D:\Projets\Code\Emission\source\Assets\natives\stb_image.h(3584): warning C4793: '`anonymous namespace'::stbi__resample_row_hv_2_simd' : fonction compilée en tant que code natif :
  	un intrinsèque non pris en charge a été trouvé dans le code managé
D:\Projets\Code\Emission\source\Assets\natives\stb_image.h(3585): warning C4793: '`anonymous namespace'::stbi__resample_row_hv_2_simd' : fonction compilée en tant que code natif :
  	un intrinsèque non pris en charge a été trouvé dans le code managé
  Image.obj : module MSIL détecté ; liens incrémentiels désactivés pour MSIL ; édition de liens complète en cours
  Assets.vcxproj -> D:\Projets\Code\Emission\source\Assets\x64\Release\Emission Assets.dll
