  nuklear.cpp
E:\Code\Emission\source\Natives\Emission.Nuklear\natives\nuklear.h(7224,14): warning C4996: 'vsprintf': This function or variable may be unsafe. Consider using vsprintf_s instead. To disable deprecation, use _CRT_SECURE_NO_WARNINGS. See online help for details.
E:\Code\Emission\source\Natives\Emission.Nuklear\natives\nuklear.h(7311,10): warning C4996: 'fopen': This function or variable may be unsafe. Consider using fopen_s instead. To disable deprecation, use _CRT_SECURE_NO_WARNINGS. See online help for details.
E:\Code\Emission\source\Natives\Emission.Nuklear\nuklear_glfw.h(206,25): warning C4477: 'fprintf' : la chaîne de format '%s' nécessite un argument de type 'char *', mais l'argument variadique 1 est de type 'wchar_t *'
E:\Code\Emission\source\Natives\Emission.Nuklear\nuklear_glfw.h(206,25): message : utilisez '%ls' dans la chaîne de format
E:\Code\Emission\source\Natives\Emission.Nuklear\nuklear_glfw.h(206,25): message : utilisez '%lls' dans la chaîne de format
E:\Code\Emission\source\Natives\Emission.Nuklear\nuklear_glfw.h(206,25): message : utilisez '%Ls' dans la chaîne de format
E:\Code\Emission\source\Natives\Emission.Nuklear\nuklear_glfw.h(206,25): message : utilisez '%ws' dans la chaîne de format
E:\Code\Emission\source\Natives\Emission.Nuklear\nuklear_glfw.h(214,25): warning C4477: 'fprintf' : la chaîne de format '%s' nécessite un argument de type 'char *', mais l'argument variadique 1 est de type 'wchar_t *'
E:\Code\Emission\source\Natives\Emission.Nuklear\nuklear_glfw.h(214,25): message : utilisez '%ls' dans la chaîne de format
E:\Code\Emission\source\Natives\Emission.Nuklear\nuklear_glfw.h(214,25): message : utilisez '%lls' dans la chaîne de format
E:\Code\Emission\source\Natives\Emission.Nuklear\nuklear_glfw.h(214,25): message : utilisez '%Ls' dans la chaîne de format
E:\Code\Emission\source\Natives\Emission.Nuklear\nuklear_glfw.h(214,25): message : utilisez '%ws' dans la chaîne de format
E:\Code\Emission\source\Natives\Emission.Nuklear\nuklear_glfw.h(255,87): warning C4267: 'argument' : conversion de 'size_t' en 'unsigned int', perte possible de données
E:\Code\Emission\source\Natives\Emission.Nuklear\nuklear_glfw.h(256,86): warning C4267: 'argument' : conversion de 'size_t' en 'unsigned int', perte possible de données
E:\Code\Emission\source\Natives\Emission.Nuklear\nuklear_glfw.h(257,94): warning C4267: 'argument' : conversion de 'size_t' en 'unsigned int', perte possible de données
E:\Code\Emission\source\Natives\Emission.Nuklear\nuklear_glfw.h(260,67): warning C4267: 'argument' : conversion de 'size_t' en 'int', perte possible de données
E:\Code\Emission\source\Natives\Emission.Nuklear\nuklear_glfw.h(372,23): warning C4244: '=' : conversion de 'int' en 'float', perte possible de données
E:\Code\Emission\source\Natives\Emission.Nuklear\nuklear_glfw.h(373,23): warning C4244: '=' : conversion de 'int' en 'float', perte possible de données
E:\Code\Emission\source\Natives\Emission.Nuklear\nuklear_glfw.h(431,53): warning C4244: 'argument' : conversion de 'uint64_t' en 'int', perte possible de données
E:\Code\Emission\source\Natives\Emission.Nuklear\nuklear_glfw.h(445,34): warning C4244: 'argument' : conversion de 'float' en 'int', perte possible de données
E:\Code\Emission\source\Natives\Emission.Nuklear\nuklear_glfw.h(444,34): warning C4244: 'argument' : conversion de 'float' en 'int', perte possible de données
E:\Code\Emission\source\Natives\Emission.Nuklear\nuklear_glfw.h(443,71): warning C4244: 'argument' : conversion de 'float' en 'int', perte possible de données
E:\Code\Emission\source\Natives\Emission.Nuklear\nuklear_glfw.h(442,34): warning C4244: 'argument' : conversion de 'float' en 'int', perte possible de données
E:\Code\Emission\source\Natives\Emission.Nuklear\nuklear_glfw.h(511,9): warning C4101: 'i' : variable locale non référencée
E:\Code\Emission\source\Natives\Emission.Nuklear\nuklear.cpp(369,35): warning C4244: 'argument' : conversion de 'int' en 'float', perte possible de données
E:\Code\Emission\source\Natives\Emission.Nuklear\nuklear.cpp(369,32): warning C4244: 'argument' : conversion de 'int' en 'float', perte possible de données
E:\Code\Emission\source\Natives\Emission.Nuklear\nuklear.cpp(369,29): warning C4244: 'argument' : conversion de 'int' en 'float', perte possible de données
E:\Code\Emission\source\Natives\Emission.Nuklear\nuklear.cpp(369,26): warning C4244: 'argument' : conversion de 'int' en 'float', perte possible de données
E:\Code\Emission\source\Natives\Emission.Nuklear\nuklear.cpp(17703,86): warning C4244: 'argument' : conversion de 'int' en 'float', perte possible de données
E:\Code\Emission\source\Natives\Emission.Nuklear\natives\cppsharp.h(121,1): warning C4267: 'argument' : conversion de 'size_t' en 'int', perte possible de données
E:\Code\Emission\source\Natives\Emission.Nuklear\natives\cppsharp.h(105): message : voir la référence à l'instanciation de la fonction modèle 'System::String ^clix::detail::StringMarshaler<clix::detail::NetFromCxx>::marshalCxxString<clix::E_UTF8,SourceType>(const clix::detail::StringTypeSelector<clix::E_UTF8>::Type &)' en cours de compilation
          with
          [
              SourceType=const char *
          ]
E:\Code\Emission\source\Natives\Emission.Nuklear\natives\cppsharp.h(214,1): message : voir la référence à l'instanciation de la fonction modèle 'System::String ^clix::detail::StringMarshaler<clix::detail::NetFromCxx>::marshal<clix::E_UTF8,SourceType>(const SourceType &)' en cours de compilation
          with
          [
              SourceType=const char *
          ]
E:\Code\Emission\source\Natives\Emission.Nuklear\nuklear.cpp(15906,77): message : voir la référence à l'instanciation de la fonction modèle 'System::String ^clix::marshalString<clix::E_UTF8,const char*>(SourceType)' en cours de compilation
          with
          [
              SourceType=const char *
          ]
E:\Code\Emission\source\Natives\Emission.Nuklear\nuklear_glfw.h(431): warning C4700: variable locale 'tex_handle' non initialisée utilisée
E:\Code\Emission\source\Natives\Emission.Nuklear\natives\nuklear.h(19403): warning C4793: 'nk_labelf_colored' : fonction compilée en tant que code natif :
  	varargs non pris en charge sous /clr
E:\Code\Emission\source\Natives\Emission.Nuklear\natives\nuklear.h(19405): warning C4793: 'nk_labelf_colored' : fonction compilée en tant que code natif :
  	un intrinsèque non pris en charge a été trouvé dans le code managé
E:\Code\Emission\source\Natives\Emission.Nuklear\natives\nuklear.h(19407): warning C4793: 'nk_labelf_colored' : fonction compilée en tant que code natif :
  	un intrinsèque non pris en charge a été trouvé dans le code managé
E:\Code\Emission\source\Natives\Emission.Nuklear\natives\nuklear.h(19412): warning C4793: 'nk_labelf_colored_wrap' : fonction compilée en tant que code natif :
  	varargs non pris en charge sous /clr
E:\Code\Emission\source\Natives\Emission.Nuklear\natives\nuklear.h(19414): warning C4793: 'nk_labelf_colored_wrap' : fonction compilée en tant que code natif :
  	un intrinsèque non pris en charge a été trouvé dans le code managé
E:\Code\Emission\source\Natives\Emission.Nuklear\natives\nuklear.h(19416): warning C4793: 'nk_labelf_colored_wrap' : fonction compilée en tant que code natif :
  	un intrinsèque non pris en charge a été trouvé dans le code managé
E:\Code\Emission\source\Natives\Emission.Nuklear\natives\nuklear.h(19420): warning C4793: 'nk_labelf' : fonction compilée en tant que code natif :
  	varargs non pris en charge sous /clr
E:\Code\Emission\source\Natives\Emission.Nuklear\natives\nuklear.h(19422): warning C4793: 'nk_labelf' : fonction compilée en tant que code natif :
  	un intrinsèque non pris en charge a été trouvé dans le code managé
E:\Code\Emission\source\Natives\Emission.Nuklear\natives\nuklear.h(19424): warning C4793: 'nk_labelf' : fonction compilée en tant que code natif :
  	un intrinsèque non pris en charge a été trouvé dans le code managé
E:\Code\Emission\source\Natives\Emission.Nuklear\natives\nuklear.h(19428): warning C4793: 'nk_labelf_wrap' : fonction compilée en tant que code natif :
  	varargs non pris en charge sous /clr
E:\Code\Emission\source\Natives\Emission.Nuklear\natives\nuklear.h(19430): warning C4793: 'nk_labelf_wrap' : fonction compilée en tant que code natif :
  	un intrinsèque non pris en charge a été trouvé dans le code managé
E:\Code\Emission\source\Natives\Emission.Nuklear\natives\nuklear.h(19432): warning C4793: 'nk_labelf_wrap' : fonction compilée en tant que code natif :
  	un intrinsèque non pris en charge a été trouvé dans le code managé
E:\Code\Emission\source\Natives\Emission.Nuklear\natives\nuklear.h(25406): warning C4793: 'nk_tooltipf' : fonction compilée en tant que code natif :
  	varargs non pris en charge sous /clr
E:\Code\Emission\source\Natives\Emission.Nuklear\natives\nuklear.h(25408): warning C4793: 'nk_tooltipf' : fonction compilée en tant que code natif :
  	un intrinsèque non pris en charge a été trouvé dans le code managé
E:\Code\Emission\source\Natives\Emission.Nuklear\natives\nuklear.h(25410): warning C4793: 'nk_tooltipf' : fonction compilée en tant que code natif :
  	un intrinsèque non pris en charge a été trouvé dans le code managé
  nuklear.obj : module MSIL détecté ; liens incrémentiels désactivés pour MSIL ; édition de liens complète en cours
nuklear.obj : warning LNK4248: jeton typeref non résolu (01000021) pour 'nuklear.NkUserFontGlyph' ; l'image risque de ne pas s'exécuter
  Emission.Nuklear.vcxproj -> E:\Code\Emission\x64\Debug\Emission.Nuklear.dll
