e:\code\emission\source\natives\emission.nuklear\x64\debug\vc143.pdb
e:\code\emission\source\natives\emission.nuklear\x64\debug\.netcoreapp,version=v7.0.assemblyattributes.obj
e:\code\emission\source\natives\emission.nuklear\x64\debug\nuklear.obj
e:\code\emission\x64\debug\emission.gl.dll
e:\code\emission\x64\debug\emission.glfw.dll
e:\code\emission\x64\debug\emission assets.dll
e:\code\emission\x64\debug\emission.core.dll
e:\code\emission\x64\debug\emission.win32.dll
e:\code\emission\x64\debug\emission.glfw.deps.json
e:\code\emission\x64\debug\emission.gl.deps.json
e:\code\emission\x64\debug\emission.nuklear.dll
e:\code\emission\x64\debug\emission.nuklear.pdb
e:\code\emission\source\natives\emission.nuklear\x64\debug\emission.nuklear.assets.cache
e:\code\emission\source\natives\emission.nuklear\x64\debug\emission.nuklear.tlog\cl.command.1.tlog
e:\code\emission\source\natives\emission.nuklear\x64\debug\emission.nuklear.tlog\cl.read.1.tlog
e:\code\emission\source\natives\emission.nuklear\x64\debug\emission.nuklear.tlog\cl.write.1.tlog
e:\code\emission\source\natives\emission.nuklear\x64\debug\emission.nuklear.tlog\copylocal.read.1u.tlog
e:\code\emission\source\natives\emission.nuklear\x64\debug\emission.nuklear.tlog\copylocal.write.1u.tlog
e:\code\emission\source\natives\emission.nuklear\x64\debug\emission.nuklear.tlog\link.command.1.tlog
e:\code\emission\source\natives\emission.nuklear\x64\debug\emission.nuklear.tlog\link.read.1.tlog
e:\code\emission\source\natives\emission.nuklear\x64\debug\emission.nuklear.tlog\link.write.1.tlog
